{"C:\\Users\\sachi\\Desktop\\LawyerUp_DB\\app.js": {"path":"C:\\Users\\sachi\\Desktop\\LawyerUp_DB\\app.js","statementMap":{"0":{"start":{"line":2,"column":15},"end":{"line":2,"column":32}},"1":{"start":{"line":3,"column":16},"end":{"line":3,"column":34}},"2":{"start":{"line":4,"column":13},"end":{"line":4,"column":28}},"3":{"start":{"line":5,"column":17},"end":{"line":5,"column":36}},"4":{"start":{"line":6,"column":13},"end":{"line":6,"column":28}},"5":{"start":{"line":9,"column":0},"end":{"line":9,"column":16}},"6":{"start":{"line":12,"column":19},"end":{"line":12,"column":49}},"7":{"start":{"line":13,"column":19},"end":{"line":13,"column":49}},"8":{"start":{"line":14,"column":21},"end":{"line":14,"column":53}},"9":{"start":{"line":15,"column":22},"end":{"line":15,"column":55}},"10":{"start":{"line":16,"column":21},"end":{"line":16,"column":53}},"11":{"start":{"line":17,"column":21},"end":{"line":17,"column":53}},"12":{"start":{"line":18,"column":18},"end":{"line":18,"column":47}},"13":{"start":{"line":19,"column":18},"end":{"line":19,"column":47}},"14":{"start":{"line":20,"column":22},"end":{"line":20,"column":55}},"15":{"start":{"line":21,"column":27},"end":{"line":21,"column":65}},"16":{"start":{"line":22,"column":17},"end":{"line":22,"column":45}},"17":{"start":{"line":23,"column":21},"end":{"line":23,"column":53}},"18":{"start":{"line":24,"column":24},"end":{"line":24,"column":53}},"19":{"start":{"line":27,"column":12},"end":{"line":27,"column":21}},"20":{"start":{"line":29,"column":0},"end":{"line":32,"column":4}},"21":{"start":{"line":33,"column":0},"end":{"line":33,"column":41}},"22":{"start":{"line":34,"column":0},"end":{"line":34,"column":63}},"23":{"start":{"line":35,"column":0},"end":{"line":35,"column":69}},"24":{"start":{"line":38,"column":0},"end":{"line":40,"column":52}},"25":{"start":{"line":39,"column":14},"end":{"line":39,"column":48}},"26":{"start":{"line":40,"column":16},"end":{"line":40,"column":50}},"27":{"start":{"line":43,"column":0},"end":{"line":43,"column":33}},"28":{"start":{"line":44,"column":0},"end":{"line":44,"column":33}},"29":{"start":{"line":45,"column":0},"end":{"line":45,"column":38}},"30":{"start":{"line":46,"column":0},"end":{"line":46,"column":40}},"31":{"start":{"line":47,"column":0},"end":{"line":47,"column":38}},"32":{"start":{"line":48,"column":0},"end":{"line":48,"column":37}},"33":{"start":{"line":49,"column":0},"end":{"line":49,"column":32}},"34":{"start":{"line":50,"column":0},"end":{"line":50,"column":32}},"35":{"start":{"line":51,"column":0},"end":{"line":51,"column":29}},"36":{"start":{"line":52,"column":0},"end":{"line":52,"column":46}},"37":{"start":{"line":53,"column":0},"end":{"line":53,"column":50}},"38":{"start":{"line":54,"column":0},"end":{"line":54,"column":37}},"39":{"start":{"line":55,"column":0},"end":{"line":55,"column":43}},"40":{"start":{"line":57,"column":0},"end":{"line":57,"column":21}}},"fnMap":{"0":{"name":"(anonymous_0)","decl":{"start":{"line":39,"column":8},"end":{"line":39,"column":9}},"loc":{"start":{"line":39,"column":14},"end":{"line":39,"column":48}},"line":39},"1":{"name":"(anonymous_1)","decl":{"start":{"line":40,"column":9},"end":{"line":40,"column":10}},"loc":{"start":{"line":40,"column":16},"end":{"line":40,"column":50}},"line":40}},"branchMap":{},"s":{"0":5,"1":5,"2":5,"3":5,"4":5,"5":5,"6":5,"7":5,"8":5,"9":5,"10":5,"11":5,"12":5,"13":5,"14":5,"15":5,"16":5,"17":5,"18":5,"19":5,"20":5,"21":5,"22":5,"23":5,"24":5,"25":5,"26":0,"27":5,"28":5,"29":5,"30":5,"31":5,"32":5,"33":5,"34":5,"35":5,"36":5,"37":5,"38":5,"39":5,"40":5},"f":{"0":5,"1":0},"b":{},"_coverageSchema":"1a1c01bbd47fc00a2c39e90264f33305004495a9","hash":"f2b491609b78f3778dcd16102343f946469fbb98"}
,"C:\\Users\\sachi\\Desktop\\LawyerUp_DB\\server.js": {"path":"C:\\Users\\sachi\\Desktop\\LawyerUp_DB\\server.js","statementMap":{"0":{"start":{"line":2,"column":13},"end":{"line":2,"column":28}},"1":{"start":{"line":3,"column":19},"end":{"line":3,"column":39}},"2":{"start":{"line":4,"column":12},"end":{"line":4,"column":28}},"3":{"start":{"line":5,"column":20},"end":{"line":5,"column":54}},"4":{"start":{"line":6,"column":35},"end":{"line":6,"column":69}},"5":{"start":{"line":7,"column":16},"end":{"line":7,"column":43}},"6":{"start":{"line":9,"column":15},"end":{"line":9,"column":37}},"7":{"start":{"line":10,"column":11},"end":{"line":16,"column":2}},"8":{"start":{"line":19,"column":0},"end":{"line":56,"column":3}},"9":{"start":{"line":20,"column":2},"end":{"line":20,"column":49}},"10":{"start":{"line":22,"column":2},"end":{"line":22,"column":33}},"11":{"start":{"line":24,"column":2},"end":{"line":26,"column":5}},"12":{"start":{"line":25,"column":4},"end":{"line":25,"column":27}},"13":{"start":{"line":28,"column":2},"end":{"line":47,"column":5}},"14":{"start":{"line":29,"column":26},"end":{"line":29,"column":39}},"15":{"start":{"line":30,"column":20},"end":{"line":35,"column":5}},"16":{"start":{"line":37,"column":4},"end":{"line":37,"column":81}},"17":{"start":{"line":39,"column":4},"end":{"line":46,"column":7}},"18":{"start":{"line":49,"column":2},"end":{"line":51,"column":5}},"19":{"start":{"line":50,"column":4},"end":{"line":50,"column":44}},"20":{"start":{"line":53,"column":2},"end":{"line":55,"column":5}},"21":{"start":{"line":54,"column":4},"end":{"line":54,"column":53}},"22":{"start":{"line":59,"column":13},"end":{"line":59,"column":37}},"23":{"start":{"line":61,"column":0},"end":{"line":65,"column":1}},"24":{"start":{"line":62,"column":2},"end":{"line":64,"column":5}},"25":{"start":{"line":63,"column":4},"end":{"line":63,"column":54}},"26":{"start":{"line":68,"column":0},"end":{"line":68,"column":21}}},"fnMap":{"0":{"name":"(anonymous_0)","decl":{"start":{"line":19,"column":20},"end":{"line":19,"column":21}},"loc":{"start":{"line":19,"column":32},"end":{"line":56,"column":1}},"line":19},"1":{"name":"(anonymous_1)","decl":{"start":{"line":24,"column":24},"end":{"line":24,"column":25}},"loc":{"start":{"line":24,"column":39},"end":{"line":26,"column":3}},"line":24},"2":{"name":"(anonymous_2)","decl":{"start":{"line":28,"column":27},"end":{"line":28,"column":28}},"loc":{"start":{"line":28,"column":80},"end":{"line":47,"column":3}},"line":28},"3":{"name":"(anonymous_3)","decl":{"start":{"line":49,"column":26},"end":{"line":49,"column":27}},"loc":{"start":{"line":49,"column":41},"end":{"line":51,"column":3}},"line":49},"4":{"name":"(anonymous_4)","decl":{"start":{"line":53,"column":26},"end":{"line":53,"column":27}},"loc":{"start":{"line":53,"column":32},"end":{"line":55,"column":3}},"line":53},"5":{"name":"(anonymous_5)","decl":{"start":{"line":62,"column":22},"end":{"line":62,"column":23}},"loc":{"start":{"line":62,"column":28},"end":{"line":64,"column":3}},"line":62}},"branchMap":{"0":{"loc":{"start":{"line":59,"column":13},"end":{"line":59,"column":37}},"type":"binary-expr","locations":[{"start":{"line":59,"column":13},"end":{"line":59,"column":29}},{"start":{"line":59,"column":33},"end":{"line":59,"column":37}}],"line":59},"1":{"loc":{"start":{"line":61,"column":0},"end":{"line":65,"column":1}},"type":"if","locations":[{"start":{"line":61,"column":0},"end":{"line":65,"column":1}},{"start":{},"end":{}}],"line":61}},"s":{"0":1,"1":1,"2":1,"3":1,"4":1,"5":1,"6":1,"7":1,"8":1,"9":0,"10":0,"11":0,"12":0,"13":0,"14":0,"15":0,"16":0,"17":0,"18":0,"19":0,"20":0,"21":0,"22":1,"23":1,"24":0,"25":0,"26":1},"f":{"0":0,"1":0,"2":0,"3":0,"4":0,"5":0},"b":{"0":[1,0],"1":[0,1]},"_coverageSchema":"1a1c01bbd47fc00a2c39e90264f33305004495a9","hash":"7beac7ad1e242845cbac36f94415e8e6c76727fa"}
,"C:\\Users\\sachi\\Desktop\\LawyerUp_DB\\controllers\\adminControlController.js": {"path":"C:\\Users\\sachi\\Desktop\\LawyerUp_DB\\controllers\\adminControlController.js","statementMap":{"0":{"start":{"line":1,"column":13},"end":{"line":1,"column":38}},"1":{"start":{"line":2,"column":16},"end":{"line":2,"column":44}},"2":{"start":{"line":5,"column":20},"end":{"line":12,"column":1}},"3":{"start":{"line":6,"column":2},"end":{"line":11,"column":3}},"4":{"start":{"line":7,"column":18},"end":{"line":7,"column":55}},"5":{"start":{"line":8,"column":4},"end":{"line":8,"column":20}},"6":{"start":{"line":10,"column":4},"end":{"line":10,"column":61}},"7":{"start":{"line":15,"column":21},"end":{"line":28,"column":1}},"8":{"start":{"line":16,"column":31},"end":{"line":16,"column":39}},"9":{"start":{"line":17,"column":2},"end":{"line":27,"column":3}},"10":{"start":{"line":18,"column":17},"end":{"line":22,"column":5}},"11":{"start":{"line":23,"column":4},"end":{"line":23,"column":72}},"12":{"start":{"line":23,"column":15},"end":{"line":23,"column":72}},"13":{"start":{"line":24,"column":4},"end":{"line":24,"column":51}},"14":{"start":{"line":26,"column":4},"end":{"line":26,"column":63}},"15":{"start":{"line":31,"column":18},"end":{"line":43,"column":1}},"16":{"start":{"line":32,"column":2},"end":{"line":42,"column":3}},"17":{"start":{"line":33,"column":17},"end":{"line":37,"column":5}},"18":{"start":{"line":38,"column":4},"end":{"line":38,"column":72}},"19":{"start":{"line":38,"column":15},"end":{"line":38,"column":72}},"20":{"start":{"line":39,"column":4},"end":{"line":39,"column":60}},"21":{"start":{"line":41,"column":4},"end":{"line":41,"column":60}},"22":{"start":{"line":46,"column":23},"end":{"line":61,"column":1}},"23":{"start":{"line":47,"column":19},"end":{"line":47,"column":27}},"24":{"start":{"line":48,"column":2},"end":{"line":60,"column":3}},"25":{"start":{"line":49,"column":17},"end":{"line":49,"column":51}},"26":{"start":{"line":50,"column":4},"end":{"line":50,"column":72}},"27":{"start":{"line":50,"column":15},"end":{"line":50,"column":72}},"28":{"start":{"line":52,"column":20},"end":{"line":52,"column":76}},"29":{"start":{"line":53,"column":21},"end":{"line":53,"column":77}},"30":{"start":{"line":54,"column":4},"end":{"line":54,"column":31}},"31":{"start":{"line":56,"column":4},"end":{"line":56,"column":22}},"32":{"start":{"line":57,"column":4},"end":{"line":57,"column":76}},"33":{"start":{"line":59,"column":4},"end":{"line":59,"column":65}},"34":{"start":{"line":64,"column":20},"end":{"line":71,"column":1}},"35":{"start":{"line":65,"column":2},"end":{"line":70,"column":3}},"36":{"start":{"line":66,"column":21},"end":{"line":66,"column":76}},"37":{"start":{"line":67,"column":4},"end":{"line":67,"column":23}},"38":{"start":{"line":69,"column":4},"end":{"line":69,"column":64}},"39":{"start":{"line":74,"column":23},"end":{"line":86,"column":1}},"40":{"start":{"line":75,"column":2},"end":{"line":85,"column":3}},"41":{"start":{"line":76,"column":20},"end":{"line":80,"column":5}},"42":{"start":{"line":81,"column":4},"end":{"line":81,"column":78}},"43":{"start":{"line":81,"column":18},"end":{"line":81,"column":78}},"44":{"start":{"line":82,"column":4},"end":{"line":82,"column":55}},"45":{"start":{"line":84,"column":4},"end":{"line":84,"column":65}},"46":{"start":{"line":89,"column":22},"end":{"line":101,"column":1}},"47":{"start":{"line":90,"column":2},"end":{"line":100,"column":3}},"48":{"start":{"line":91,"column":20},"end":{"line":95,"column":5}},"49":{"start":{"line":96,"column":4},"end":{"line":96,"column":78}},"50":{"start":{"line":96,"column":18},"end":{"line":96,"column":78}},"51":{"start":{"line":97,"column":4},"end":{"line":97,"column":55}},"52":{"start":{"line":99,"column":4},"end":{"line":99,"column":64}},"53":{"start":{"line":104,"column":20},"end":{"line":116,"column":1}},"54":{"start":{"line":105,"column":2},"end":{"line":115,"column":3}},"55":{"start":{"line":106,"column":20},"end":{"line":110,"column":5}},"56":{"start":{"line":111,"column":4},"end":{"line":111,"column":78}},"57":{"start":{"line":111,"column":18},"end":{"line":111,"column":78}},"58":{"start":{"line":112,"column":4},"end":{"line":112,"column":58}},"59":{"start":{"line":114,"column":4},"end":{"line":114,"column":62}},"60":{"start":{"line":118,"column":0},"end":{"line":127,"column":2}}},"fnMap":{"0":{"name":"(anonymous_0)","decl":{"start":{"line":5,"column":20},"end":{"line":5,"column":21}},"loc":{"start":{"line":5,"column":40},"end":{"line":12,"column":1}},"line":5},"1":{"name":"(anonymous_1)","decl":{"start":{"line":15,"column":21},"end":{"line":15,"column":22}},"loc":{"start":{"line":15,"column":41},"end":{"line":28,"column":1}},"line":15},"2":{"name":"(anonymous_2)","decl":{"start":{"line":31,"column":18},"end":{"line":31,"column":19}},"loc":{"start":{"line":31,"column":38},"end":{"line":43,"column":1}},"line":31},"3":{"name":"(anonymous_3)","decl":{"start":{"line":46,"column":23},"end":{"line":46,"column":24}},"loc":{"start":{"line":46,"column":43},"end":{"line":61,"column":1}},"line":46},"4":{"name":"(anonymous_4)","decl":{"start":{"line":64,"column":20},"end":{"line":64,"column":21}},"loc":{"start":{"line":64,"column":40},"end":{"line":71,"column":1}},"line":64},"5":{"name":"(anonymous_5)","decl":{"start":{"line":74,"column":23},"end":{"line":74,"column":24}},"loc":{"start":{"line":74,"column":43},"end":{"line":86,"column":1}},"line":74},"6":{"name":"(anonymous_6)","decl":{"start":{"line":89,"column":22},"end":{"line":89,"column":23}},"loc":{"start":{"line":89,"column":42},"end":{"line":101,"column":1}},"line":89},"7":{"name":"(anonymous_7)","decl":{"start":{"line":104,"column":20},"end":{"line":104,"column":21}},"loc":{"start":{"line":104,"column":40},"end":{"line":116,"column":1}},"line":104}},"branchMap":{"0":{"loc":{"start":{"line":23,"column":4},"end":{"line":23,"column":72}},"type":"if","locations":[{"start":{"line":23,"column":4},"end":{"line":23,"column":72}},{"start":{},"end":{}}],"line":23},"1":{"loc":{"start":{"line":38,"column":4},"end":{"line":38,"column":72}},"type":"if","locations":[{"start":{"line":38,"column":4},"end":{"line":38,"column":72}},{"start":{},"end":{}}],"line":38},"2":{"loc":{"start":{"line":50,"column":4},"end":{"line":50,"column":72}},"type":"if","locations":[{"start":{"line":50,"column":4},"end":{"line":50,"column":72}},{"start":{},"end":{}}],"line":50},"3":{"loc":{"start":{"line":52,"column":20},"end":{"line":52,"column":76}},"type":"cond-expr","locations":[{"start":{"line":52,"column":38},"end":{"line":52,"column":63}},{"start":{"line":52,"column":66},"end":{"line":52,"column":76}}],"line":52},"4":{"loc":{"start":{"line":81,"column":4},"end":{"line":81,"column":78}},"type":"if","locations":[{"start":{"line":81,"column":4},"end":{"line":81,"column":78}},{"start":{},"end":{}}],"line":81},"5":{"loc":{"start":{"line":96,"column":4},"end":{"line":96,"column":78}},"type":"if","locations":[{"start":{"line":96,"column":4},"end":{"line":96,"column":78}},{"start":{},"end":{}}],"line":96},"6":{"loc":{"start":{"line":111,"column":4},"end":{"line":111,"column":78}},"type":"if","locations":[{"start":{"line":111,"column":4},"end":{"line":111,"column":78}},{"start":{},"end":{}}],"line":111}},"s":{"0":5,"1":5,"2":5,"3":0,"4":0,"5":0,"6":0,"7":5,"8":0,"9":0,"10":0,"11":0,"12":0,"13":0,"14":0,"15":5,"16":0,"17":0,"18":0,"19":0,"20":0,"21":0,"22":5,"23":0,"24":0,"25":0,"26":0,"27":0,"28":0,"29":0,"30":0,"31":0,"32":0,"33":0,"34":5,"35":0,"36":0,"37":0,"38":0,"39":5,"40":0,"41":0,"42":0,"43":0,"44":0,"45":0,"46":5,"47":0,"48":0,"49":0,"50":0,"51":0,"52":0,"53":5,"54":0,"55":0,"56":0,"57":0,"58":0,"59":0,"60":5},"f":{"0":0,"1":0,"2":0,"3":0,"4":0,"5":0,"6":0,"7":0},"b":{"0":[0,0],"1":[0,0],"2":[0,0],"3":[0,0],"4":[0,0],"5":[0,0],"6":[0,0]},"_coverageSchema":"1a1c01bbd47fc00a2c39e90264f33305004495a9","hash":"5f459ef3607cca0dcff4af49742544286af49d2c"}
,"C:\\Users\\sachi\\Desktop\\LawyerUp_DB\\controllers\\aiController.js": {"path":"C:\\Users\\sachi\\Desktop\\LawyerUp_DB\\controllers\\aiController.js","statementMap":{"0":{"start":{"line":1,"column":13},"end":{"line":1,"column":38}},"1":{"start":{"line":4,"column":0},"end":{"line":12,"column":2}},"2":{"start":{"line":5,"column":2},"end":{"line":11,"column":3}},"3":{"start":{"line":6,"column":18},"end":{"line":6,"column":81}},"4":{"start":{"line":7,"column":4},"end":{"line":7,"column":20}},"5":{"start":{"line":9,"column":4},"end":{"line":9,"column":57}},"6":{"start":{"line":10,"column":4},"end":{"line":10,"column":61}},"7":{"start":{"line":15,"column":0},"end":{"line":24,"column":2}},"8":{"start":{"line":16,"column":2},"end":{"line":23,"column":3}},"9":{"start":{"line":17,"column":17},"end":{"line":17,"column":79}},"10":{"start":{"line":18,"column":4},"end":{"line":18,"column":72}},"11":{"start":{"line":18,"column":15},"end":{"line":18,"column":72}},"12":{"start":{"line":19,"column":4},"end":{"line":19,"column":19}},"13":{"start":{"line":21,"column":4},"end":{"line":21,"column":54}},"14":{"start":{"line":22,"column":4},"end":{"line":22,"column":58}},"15":{"start":{"line":27,"column":0},"end":{"line":40,"column":2}},"16":{"start":{"line":28,"column":2},"end":{"line":39,"column":3}},"17":{"start":{"line":29,"column":20},"end":{"line":34,"column":6}},"18":{"start":{"line":35,"column":4},"end":{"line":35,"column":34}},"19":{"start":{"line":37,"column":4},"end":{"line":37,"column":57}},"20":{"start":{"line":38,"column":4},"end":{"line":38,"column":61}},"21":{"start":{"line":43,"column":0},"end":{"line":51,"column":2}},"22":{"start":{"line":44,"column":2},"end":{"line":50,"column":3}},"23":{"start":{"line":45,"column":4},"end":{"line":45,"column":69}},"24":{"start":{"line":46,"column":4},"end":{"line":46,"column":42}},"25":{"start":{"line":48,"column":4},"end":{"line":48,"column":57}},"26":{"start":{"line":49,"column":4},"end":{"line":49,"column":61}},"27":{"start":{"line":53,"column":0},"end":{"line":168,"column":2}},"28":{"start":{"line":54,"column":16},"end":{"line":54,"column":94}},"29":{"start":{"line":54,"column":29},"end":{"line":54,"column":94}},"30":{"start":{"line":54,"column":79},"end":{"line":54,"column":93}},"31":{"start":{"line":55,"column":60},"end":{"line":55,"column":68}},"32":{"start":{"line":57,"column":2},"end":{"line":57,"column":78}},"33":{"start":{"line":57,"column":16},"end":{"line":57,"column":78}},"34":{"start":{"line":59,"column":2},"end":{"line":167,"column":3}},"35":{"start":{"line":62,"column":4},"end":{"line":73,"column":5}},"36":{"start":{"line":63,"column":6},"end":{"line":69,"column":9}},"37":{"start":{"line":71,"column":6},"end":{"line":71,"column":69}},"38":{"start":{"line":72,"column":6},"end":{"line":72,"column":74}},"39":{"start":{"line":72,"column":17},"end":{"line":72,"column":74}},"40":{"start":{"line":76,"column":4},"end":{"line":93,"column":5}},"41":{"start":{"line":77,"column":6},"end":{"line":79,"column":7}},"42":{"start":{"line":78,"column":8},"end":{"line":78,"column":91}},"43":{"start":{"line":81,"column":28},"end":{"line":81,"column":38}},"44":{"start":{"line":82,"column":6},"end":{"line":82,"column":41}},"45":{"start":{"line":84,"column":33},"end":{"line":86,"column":7}},"46":{"start":{"line":85,"column":17},"end":{"line":85,"column":75}},"47":{"start":{"line":88,"column":6},"end":{"line":92,"column":7}},"48":{"start":{"line":89,"column":8},"end":{"line":89,"column":36}},"49":{"start":{"line":90,"column":8},"end":{"line":90,"column":26}},"50":{"start":{"line":91,"column":8},"end":{"line":91,"column":98}},"51":{"start":{"line":96,"column":4},"end":{"line":96,"column":59}},"52":{"start":{"line":97,"column":4},"end":{"line":97,"column":22}},"53":{"start":{"line":99,"column":27},"end":{"line":102,"column":5}},"54":{"start":{"line":104,"column":18},"end":{"line":108,"column":6}},"55":{"start":{"line":110,"column":4},"end":{"line":114,"column":5}},"56":{"start":{"line":111,"column":20},"end":{"line":111,"column":38}},"57":{"start":{"line":112,"column":6},"end":{"line":112,"column":43}},"58":{"start":{"line":113,"column":6},"end":{"line":113,"column":74}},"59":{"start":{"line":116,"column":4},"end":{"line":116,"column":55}},"60":{"start":{"line":117,"column":4},"end":{"line":117,"column":47}},"61":{"start":{"line":118,"column":4},"end":{"line":118,"column":46}},"62":{"start":{"line":120,"column":19},"end":{"line":120,"column":41}},"63":{"start":{"line":121,"column":20},"end":{"line":121,"column":37}},"64":{"start":{"line":122,"column":19},"end":{"line":122,"column":21}},"65":{"start":{"line":124,"column":4},"end":{"line":148,"column":5}},"66":{"start":{"line":125,"column":30},"end":{"line":125,"column":49}},"67":{"start":{"line":126,"column":6},"end":{"line":126,"column":22}},"68":{"start":{"line":126,"column":16},"end":{"line":126,"column":22}},"69":{"start":{"line":128,"column":20},"end":{"line":128,"column":41}},"70":{"start":{"line":129,"column":20},"end":{"line":129,"column":65}},"71":{"start":{"line":129,"column":53},"end":{"line":129,"column":64}},"72":{"start":{"line":131,"column":6},"end":{"line":147,"column":7}},"73":{"start":{"line":132,"column":8},"end":{"line":132,"column":53}},"74":{"start":{"line":132,"column":44},"end":{"line":132,"column":53}},"75":{"start":{"line":134,"column":8},"end":{"line":146,"column":9}},"76":{"start":{"line":135,"column":10},"end":{"line":145,"column":11}},"77":{"start":{"line":136,"column":25},"end":{"line":136,"column":63}},"78":{"start":{"line":137,"column":26},"end":{"line":137,"column":59}},"79":{"start":{"line":138,"column":12},"end":{"line":142,"column":13}},"80":{"start":{"line":139,"column":14},"end":{"line":139,"column":32}},"81":{"start":{"line":140,"column":14},"end":{"line":140,"column":61}},"82":{"start":{"line":141,"column":14},"end":{"line":141,"column":55}},"83":{"start":{"line":141,"column":37},"end":{"line":141,"column":53}},"84":{"start":{"line":144,"column":12},"end":{"line":144,"column":54}},"85":{"start":{"line":151,"column":4},"end":{"line":151,"column":65}},"86":{"start":{"line":153,"column":4},"end":{"line":156,"column":5}},"87":{"start":{"line":154,"column":20},"end":{"line":154,"column":40}},"88":{"start":{"line":155,"column":6},"end":{"line":155,"column":66}},"89":{"start":{"line":158,"column":4},"end":{"line":158,"column":22}},"90":{"start":{"line":159,"column":4},"end":{"line":159,"column":34}},"91":{"start":{"line":160,"column":4},"end":{"line":160,"column":14}},"92":{"start":{"line":163,"column":4},"end":{"line":163,"column":54}},"93":{"start":{"line":164,"column":4},"end":{"line":164,"column":84}},"94":{"start":{"line":165,"column":4},"end":{"line":165,"column":34}},"95":{"start":{"line":166,"column":4},"end":{"line":166,"column":14}},"96":{"start":{"line":172,"column":0},"end":{"line":193,"column":2}},"97":{"start":{"line":173,"column":28},"end":{"line":173,"column":36}},"98":{"start":{"line":174,"column":17},"end":{"line":174,"column":30}},"99":{"start":{"line":176,"column":2},"end":{"line":178,"column":3}},"100":{"start":{"line":177,"column":4},"end":{"line":177,"column":76}},"101":{"start":{"line":180,"column":15},"end":{"line":180,"column":64}},"102":{"start":{"line":181,"column":2},"end":{"line":181,"column":70}},"103":{"start":{"line":181,"column":13},"end":{"line":181,"column":70}},"104":{"start":{"line":183,"column":2},"end":{"line":183,"column":60}},"105":{"start":{"line":185,"column":2},"end":{"line":189,"column":3}},"106":{"start":{"line":186,"column":25},"end":{"line":186,"column":80}},"107":{"start":{"line":186,"column":51},"end":{"line":186,"column":70}},"108":{"start":{"line":187,"column":22},"end":{"line":187,"column":58}},"109":{"start":{"line":188,"column":4},"end":{"line":188,"column":72}},"110":{"start":{"line":191,"column":2},"end":{"line":191,"column":20}},"111":{"start":{"line":192,"column":2},"end":{"line":192,"column":54}},"112":{"start":{"line":195,"column":0},"end":{"line":252,"column":2}},"113":{"start":{"line":196,"column":30},"end":{"line":196,"column":38}},"114":{"start":{"line":198,"column":2},"end":{"line":200,"column":3}},"115":{"start":{"line":199,"column":4},"end":{"line":199,"column":78}},"116":{"start":{"line":202,"column":2},"end":{"line":251,"column":3}},"117":{"start":{"line":203,"column":19},"end":{"line":203,"column":31}},"118":{"start":{"line":204,"column":21},"end":{"line":204,"column":34}},"119":{"start":{"line":207,"column":4},"end":{"line":238,"column":5}},"120":{"start":{"line":208,"column":28},"end":{"line":208,"column":38}},"121":{"start":{"line":209,"column":6},"end":{"line":209,"column":41}},"122":{"start":{"line":212,"column":24},"end":{"line":216,"column":8}},"123":{"start":{"line":219,"column":30},"end":{"line":219,"column":31}},"124":{"start":{"line":220,"column":6},"end":{"line":226,"column":9}},"125":{"start":{"line":221,"column":8},"end":{"line":225,"column":11}},"126":{"start":{"line":222,"column":10},"end":{"line":224,"column":11}},"127":{"start":{"line":223,"column":12},"end":{"line":223,"column":32}},"128":{"start":{"line":228,"column":6},"end":{"line":237,"column":7}},"129":{"start":{"line":230,"column":8},"end":{"line":233,"column":10}},"130":{"start":{"line":234,"column":8},"end":{"line":236,"column":11}},"131":{"start":{"line":241,"column":17},"end":{"line":241,"column":72}},"132":{"start":{"line":242,"column":4},"end":{"line":242,"column":72}},"133":{"start":{"line":242,"column":15},"end":{"line":242,"column":72}},"134":{"start":{"line":244,"column":4},"end":{"line":244,"column":59}},"135":{"start":{"line":245,"column":4},"end":{"line":245,"column":22}},"136":{"start":{"line":247,"column":4},"end":{"line":247,"column":48}},"137":{"start":{"line":249,"column":4},"end":{"line":249,"column":67}},"138":{"start":{"line":250,"column":4},"end":{"line":250,"column":64}},"139":{"start":{"line":255,"column":0},"end":{"line":266,"column":2}},"140":{"start":{"line":256,"column":2},"end":{"line":265,"column":3}},"141":{"start":{"line":257,"column":19},"end":{"line":257,"column":64}},"142":{"start":{"line":258,"column":4},"end":{"line":261,"column":7}},"143":{"start":{"line":263,"column":4},"end":{"line":263,"column":64}},"144":{"start":{"line":264,"column":4},"end":{"line":264,"column":66}}},"fnMap":{"0":{"name":"(anonymous_0)","decl":{"start":{"line":4,"column":19},"end":{"line":4,"column":20}},"loc":{"start":{"line":4,"column":39},"end":{"line":12,"column":1}},"line":4},"1":{"name":"(anonymous_1)","decl":{"start":{"line":15,"column":22},"end":{"line":15,"column":23}},"loc":{"start":{"line":15,"column":42},"end":{"line":24,"column":1}},"line":15},"2":{"name":"(anonymous_2)","decl":{"start":{"line":27,"column":21},"end":{"line":27,"column":22}},"loc":{"start":{"line":27,"column":41},"end":{"line":40,"column":1}},"line":27},"3":{"name":"(anonymous_3)","decl":{"start":{"line":43,"column":21},"end":{"line":43,"column":22}},"loc":{"start":{"line":43,"column":41},"end":{"line":51,"column":1}},"line":43},"4":{"name":"(anonymous_4)","decl":{"start":{"line":53,"column":22},"end":{"line":53,"column":23}},"loc":{"start":{"line":53,"column":42},"end":{"line":168,"column":1}},"line":53},"5":{"name":"(anonymous_5)","decl":{"start":{"line":54,"column":16},"end":{"line":54,"column":17}},"loc":{"start":{"line":54,"column":29},"end":{"line":54,"column":94}},"line":54},"6":{"name":"(anonymous_6)","decl":{"start":{"line":54,"column":55},"end":{"line":54,"column":56}},"loc":{"start":{"line":54,"column":79},"end":{"line":54,"column":93}},"line":54},"7":{"name":"(anonymous_7)","decl":{"start":{"line":85,"column":8},"end":{"line":85,"column":9}},"loc":{"start":{"line":85,"column":17},"end":{"line":85,"column":75}},"line":85},"8":{"name":"(anonymous_8)","decl":{"start":{"line":129,"column":45},"end":{"line":129,"column":46}},"loc":{"start":{"line":129,"column":53},"end":{"line":129,"column":64}},"line":129},"9":{"name":"(anonymous_9)","decl":{"start":{"line":141,"column":32},"end":{"line":141,"column":33}},"loc":{"start":{"line":141,"column":37},"end":{"line":141,"column":53}},"line":141},"10":{"name":"(anonymous_10)","decl":{"start":{"line":172,"column":20},"end":{"line":172,"column":21}},"loc":{"start":{"line":172,"column":40},"end":{"line":193,"column":1}},"line":172},"11":{"name":"(anonymous_11)","decl":{"start":{"line":186,"column":44},"end":{"line":186,"column":45}},"loc":{"start":{"line":186,"column":51},"end":{"line":186,"column":70}},"line":186},"12":{"name":"(anonymous_12)","decl":{"start":{"line":195,"column":28},"end":{"line":195,"column":29}},"loc":{"start":{"line":195,"column":48},"end":{"line":252,"column":1}},"line":195},"13":{"name":"(anonymous_13)","decl":{"start":{"line":220,"column":24},"end":{"line":220,"column":25}},"loc":{"start":{"line":220,"column":32},"end":{"line":226,"column":7}},"line":220},"14":{"name":"(anonymous_14)","decl":{"start":{"line":221,"column":30},"end":{"line":221,"column":31}},"loc":{"start":{"line":221,"column":37},"end":{"line":225,"column":9}},"line":221},"15":{"name":"(anonymous_15)","decl":{"start":{"line":255,"column":25},"end":{"line":255,"column":26}},"loc":{"start":{"line":255,"column":45},"end":{"line":266,"column":1}},"line":255}},"branchMap":{"0":{"loc":{"start":{"line":18,"column":4},"end":{"line":18,"column":72}},"type":"if","locations":[{"start":{"line":18,"column":4},"end":{"line":18,"column":72}},{"start":{},"end":{}}],"line":18},"1":{"loc":{"start":{"line":32,"column":13},"end":{"line":32,"column":41}},"type":"binary-expr","locations":[{"start":{"line":32,"column":13},"end":{"line":32,"column":27}},{"start":{"line":32,"column":31},"end":{"line":32,"column":41}}],"line":32},"2":{"loc":{"start":{"line":33,"column":13},"end":{"line":33,"column":51}},"type":"binary-expr","locations":[{"start":{"line":33,"column":13},"end":{"line":33,"column":27}},{"start":{"line":33,"column":31},"end":{"line":33,"column":51}}],"line":33},"3":{"loc":{"start":{"line":55,"column":27},"end":{"line":55,"column":55}},"type":"default-arg","locations":[{"start":{"line":55,"column":35},"end":{"line":55,"column":55}}],"line":55},"4":{"loc":{"start":{"line":57,"column":2},"end":{"line":57,"column":78}},"type":"if","locations":[{"start":{"line":57,"column":2},"end":{"line":57,"column":78}},{"start":{},"end":{}}],"line":57},"5":{"loc":{"start":{"line":62,"column":4},"end":{"line":73,"column":5}},"type":"if","locations":[{"start":{"line":62,"column":4},"end":{"line":73,"column":5}},{"start":{"line":70,"column":11},"end":{"line":73,"column":5}}],"line":62},"6":{"loc":{"start":{"line":72,"column":6},"end":{"line":72,"column":74}},"type":"if","locations":[{"start":{"line":72,"column":6},"end":{"line":72,"column":74}},{"start":{},"end":{}}],"line":72},"7":{"loc":{"start":{"line":76,"column":4},"end":{"line":93,"column":5}},"type":"if","locations":[{"start":{"line":76,"column":4},"end":{"line":93,"column":5}},{"start":{},"end":{}}],"line":76},"8":{"loc":{"start":{"line":77,"column":6},"end":{"line":79,"column":7}},"type":"if","locations":[{"start":{"line":77,"column":6},"end":{"line":79,"column":7}},{"start":{},"end":{}}],"line":77},"9":{"loc":{"start":{"line":85,"column":17},"end":{"line":85,"column":75}},"type":"binary-expr","locations":[{"start":{"line":85,"column":17},"end":{"line":85,"column":41}},{"start":{"line":85,"column":45},"end":{"line":85,"column":75}}],"line":85},"10":{"loc":{"start":{"line":88,"column":6},"end":{"line":92,"column":7}},"type":"if","locations":[{"start":{"line":88,"column":6},"end":{"line":92,"column":7}},{"start":{},"end":{}}],"line":88},"11":{"loc":{"start":{"line":110,"column":4},"end":{"line":114,"column":5}},"type":"if","locations":[{"start":{"line":110,"column":4},"end":{"line":114,"column":5}},{"start":{},"end":{}}],"line":110},"12":{"loc":{"start":{"line":110,"column":8},"end":{"line":110,"column":32}},"type":"binary-expr","locations":[{"start":{"line":110,"column":8},"end":{"line":110,"column":17}},{"start":{"line":110,"column":21},"end":{"line":110,"column":32}}],"line":110},"13":{"loc":{"start":{"line":126,"column":6},"end":{"line":126,"column":22}},"type":"if","locations":[{"start":{"line":126,"column":6},"end":{"line":126,"column":22}},{"start":{},"end":{}}],"line":126},"14":{"loc":{"start":{"line":132,"column":8},"end":{"line":132,"column":53}},"type":"if","locations":[{"start":{"line":132,"column":8},"end":{"line":132,"column":53}},{"start":{},"end":{}}],"line":132},"15":{"loc":{"start":{"line":134,"column":8},"end":{"line":146,"column":9}},"type":"if","locations":[{"start":{"line":134,"column":8},"end":{"line":146,"column":9}},{"start":{},"end":{}}],"line":134},"16":{"loc":{"start":{"line":138,"column":12},"end":{"line":142,"column":13}},"type":"if","locations":[{"start":{"line":138,"column":12},"end":{"line":142,"column":13}},{"start":{},"end":{}}],"line":138},"17":{"loc":{"start":{"line":153,"column":4},"end":{"line":156,"column":5}},"type":"if","locations":[{"start":{"line":153,"column":4},"end":{"line":156,"column":5}},{"start":{},"end":{}}],"line":153},"18":{"loc":{"start":{"line":176,"column":2},"end":{"line":178,"column":3}},"type":"if","locations":[{"start":{"line":176,"column":2},"end":{"line":178,"column":3}},{"start":{},"end":{}}],"line":176},"19":{"loc":{"start":{"line":176,"column":6},"end":{"line":176,"column":23}},"type":"binary-expr","locations":[{"start":{"line":176,"column":6},"end":{"line":176,"column":13}},{"start":{"line":176,"column":17},"end":{"line":176,"column":23}}],"line":176},"20":{"loc":{"start":{"line":181,"column":2},"end":{"line":181,"column":70}},"type":"if","locations":[{"start":{"line":181,"column":2},"end":{"line":181,"column":70}},{"start":{},"end":{}}],"line":181},"21":{"loc":{"start":{"line":185,"column":2},"end":{"line":189,"column":3}},"type":"if","locations":[{"start":{"line":185,"column":2},"end":{"line":189,"column":3}},{"start":{},"end":{}}],"line":185},"22":{"loc":{"start":{"line":187,"column":23},"end":{"line":187,"column":44}},"type":"binary-expr","locations":[{"start":{"line":187,"column":23},"end":{"line":187,"column":35}},{"start":{"line":187,"column":39},"end":{"line":187,"column":44}}],"line":187},"23":{"loc":{"start":{"line":198,"column":2},"end":{"line":200,"column":3}},"type":"if","locations":[{"start":{"line":198,"column":2},"end":{"line":200,"column":3}},{"start":{},"end":{}}],"line":198},"24":{"loc":{"start":{"line":198,"column":6},"end":{"line":198,"column":25}},"type":"binary-expr","locations":[{"start":{"line":198,"column":6},"end":{"line":198,"column":13}},{"start":{"line":198,"column":17},"end":{"line":198,"column":25}}],"line":198},"25":{"loc":{"start":{"line":207,"column":4},"end":{"line":238,"column":5}},"type":"if","locations":[{"start":{"line":207,"column":4},"end":{"line":238,"column":5}},{"start":{},"end":{}}],"line":207},"26":{"loc":{"start":{"line":222,"column":10},"end":{"line":224,"column":11}},"type":"if","locations":[{"start":{"line":222,"column":10},"end":{"line":224,"column":11}},{"start":{},"end":{}}],"line":222},"27":{"loc":{"start":{"line":222,"column":14},"end":{"line":222,"column":72}},"type":"binary-expr","locations":[{"start":{"line":222,"column":14},"end":{"line":222,"column":38}},{"start":{"line":222,"column":42},"end":{"line":222,"column":72}}],"line":222},"28":{"loc":{"start":{"line":228,"column":6},"end":{"line":237,"column":7}},"type":"if","locations":[{"start":{"line":228,"column":6},"end":{"line":237,"column":7}},{"start":{},"end":{}}],"line":228},"29":{"loc":{"start":{"line":242,"column":4},"end":{"line":242,"column":72}},"type":"if","locations":[{"start":{"line":242,"column":4},"end":{"line":242,"column":72}},{"start":{},"end":{}}],"line":242}},"s":{"0":5,"1":5,"2":1,"3":1,"4":1,"5":0,"6":0,"7":5,"8":1,"9":1,"10":1,"11":0,"12":1,"13":0,"14":0,"15":5,"16":3,"17":3,"18":3,"19":0,"20":0,"21":5,"22":1,"23":1,"24":1,"25":0,"26":0,"27":5,"28":0,"29":0,"30":0,"31":0,"32":0,"33":0,"34":0,"35":0,"36":0,"37":0,"38":0,"39":0,"40":0,"41":0,"42":0,"43":0,"44":0,"45":0,"46":0,"47":0,"48":0,"49":0,"50":0,"51":0,"52":0,"53":0,"54":0,"55":0,"56":0,"57":0,"58":0,"59":0,"60":0,"61":0,"62":0,"63":0,"64":0,"65":0,"66":0,"67":0,"68":0,"69":0,"70":0,"71":0,"72":0,"73":0,"74":0,"75":0,"76":0,"77":0,"78":0,"79":0,"80":0,"81":0,"82":0,"83":0,"84":0,"85":0,"86":0,"87":0,"88":0,"89":0,"90":0,"91":0,"92":0,"93":0,"94":0,"95":0,"96":5,"97":1,"98":1,"99":1,"100":0,"101":1,"102":1,"103":0,"104":1,"105":1,"106":0,"107":0,"108":0,"109":0,"110":1,"111":1,"112":5,"113":1,"114":1,"115":0,"116":1,"117":1,"118":1,"119":1,"120":1,"121":1,"122":1,"123":1,"124":1,"125":0,"126":0,"127":0,"128":1,"129":0,"130":0,"131":1,"132":1,"133":0,"134":1,"135":1,"136":1,"137":0,"138":0,"139":5,"140":1,"141":1,"142":1,"143":0,"144":0},"f":{"0":1,"1":1,"2":3,"3":1,"4":0,"5":0,"6":0,"7":0,"8":0,"9":0,"10":1,"11":0,"12":1,"13":0,"14":0,"15":1},"b":{"0":[0,1],"1":[3,0],"2":[3,3],"3":[0],"4":[0,0],"5":[0,0],"6":[0,0],"7":[0,0],"8":[0,0],"9":[0,0],"10":[0,0],"11":[0,0],"12":[0,0],"13":[0,0],"14":[0,0],"15":[0,0],"16":[0,0],"17":[0,0],"18":[0,1],"19":[1,1],"20":[0,1],"21":[0,1],"22":[0,0],"23":[0,1],"24":[1,1],"25":[1,0],"26":[0,0],"27":[0,0],"28":[0,1],"29":[0,1]},"_coverageSchema":"1a1c01bbd47fc00a2c39e90264f33305004495a9","hash":"6c8e2c8ca5933a809e0dce00a740531d4ce7bd9b"}
,"C:\\Users\\sachi\\Desktop\\LawyerUp_DB\\controllers\\analyticsController.js": {"path":"C:\\Users\\sachi\\Desktop\\LawyerUp_DB\\controllers\\analyticsController.js","statementMap":{"0":{"start":{"line":1,"column":13},"end":{"line":1,"column":38}},"1":{"start":{"line":2,"column":15},"end":{"line":2,"column":42}},"2":{"start":{"line":3,"column":15},"end":{"line":3,"column":42}},"3":{"start":{"line":4,"column":16},"end":{"line":4,"column":44}},"4":{"start":{"line":5,"column":18},"end":{"line":5,"column":48}},"5":{"start":{"line":6,"column":15},"end":{"line":6,"column":32}},"6":{"start":{"line":9,"column":27},"end":{"line":15,"column":1}},"7":{"start":{"line":10,"column":14},"end":{"line":10,"column":22}},"8":{"start":{"line":11,"column":2},"end":{"line":14,"column":4}},"9":{"start":{"line":17,"column":22},"end":{"line":20,"column":1}},"10":{"start":{"line":18,"column":12},"end":{"line":18,"column":26}},"11":{"start":{"line":19,"column":2},"end":{"line":19,"column":56}},"12":{"start":{"line":22,"column":22},"end":{"line":28,"column":1}},"13":{"start":{"line":23,"column":2},"end":{"line":23,"column":27}},"14":{"start":{"line":23,"column":13},"end":{"line":23,"column":27}},"15":{"start":{"line":24,"column":12},"end":{"line":24,"column":30}},"16":{"start":{"line":25,"column":2},"end":{"line":25,"column":46}},"17":{"start":{"line":25,"column":29},"end":{"line":25,"column":46}},"18":{"start":{"line":26,"column":2},"end":{"line":26,"column":42}},"19":{"start":{"line":26,"column":27},"end":{"line":26,"column":42}},"20":{"start":{"line":27,"column":2},"end":{"line":27,"column":16}},"21":{"start":{"line":30,"column":22},"end":{"line":38,"column":2}},"22":{"start":{"line":30,"column":34},"end":{"line":38,"column":1}},"23":{"start":{"line":40,"column":26},"end":{"line":41,"column":70}},"24":{"start":{"line":41,"column":2},"end":{"line":41,"column":70}},"25":{"start":{"line":46,"column":0},"end":{"line":120,"column":2}},"26":{"start":{"line":47,"column":2},"end":{"line":119,"column":3}},"27":{"start":{"line":48,"column":48},"end":{"line":53,"column":6}},"28":{"start":{"line":55,"column":19},"end":{"line":55,"column":21}},"29":{"start":{"line":56,"column":27},"end":{"line":56,"column":36}},"30":{"start":{"line":58,"column":4},"end":{"line":62,"column":5}},"31":{"start":{"line":59,"column":18},"end":{"line":59,"column":32}},"32":{"start":{"line":60,"column":6},"end":{"line":60,"column":64}},"33":{"start":{"line":60,"column":36},"end":{"line":60,"column":64}},"34":{"start":{"line":61,"column":6},"end":{"line":61,"column":38}},"35":{"start":{"line":64,"column":4},"end":{"line":91,"column":5}},"36":{"start":{"line":65,"column":20},"end":{"line":65,"column":46}},"37":{"start":{"line":66,"column":6},"end":{"line":66,"column":63}},"38":{"start":{"line":66,"column":26},"end":{"line":66,"column":63}},"39":{"start":{"line":68,"column":6},"end":{"line":68,"column":38}},"40":{"start":{"line":70,"column":19},"end":{"line":70,"column":40}},"41":{"start":{"line":71,"column":21},"end":{"line":71,"column":34}},"42":{"start":{"line":73,"column":6},"end":{"line":76,"column":7}},"43":{"start":{"line":74,"column":8},"end":{"line":74,"column":29}},"44":{"start":{"line":75,"column":8},"end":{"line":75,"column":17}},"45":{"start":{"line":78,"column":6},"end":{"line":78,"column":34}},"46":{"start":{"line":80,"column":27},"end":{"line":80,"column":59}},"47":{"start":{"line":81,"column":21},"end":{"line":81,"column":102}},"48":{"start":{"line":81,"column":49},"end":{"line":81,"column":98}},"49":{"start":{"line":83,"column":6},"end":{"line":90,"column":7}},"50":{"start":{"line":84,"column":31},"end":{"line":84,"column":87}},"51":{"start":{"line":85,"column":8},"end":{"line":87,"column":43}},"52":{"start":{"line":85,"column":33},"end":{"line":85,"column":61}},"53":{"start":{"line":86,"column":13},"end":{"line":87,"column":43}},"54":{"start":{"line":86,"column":39},"end":{"line":86,"column":68}},"55":{"start":{"line":87,"column":13},"end":{"line":87,"column":43}},"56":{"start":{"line":89,"column":8},"end":{"line":89,"column":36}},"57":{"start":{"line":93,"column":4},"end":{"line":103,"column":5}},"58":{"start":{"line":94,"column":19},"end":{"line":94,"column":46}},"59":{"start":{"line":95,"column":6},"end":{"line":95,"column":26}},"60":{"start":{"line":95,"column":17},"end":{"line":95,"column":26}},"61":{"start":{"line":97,"column":20},"end":{"line":97,"column":49}},"62":{"start":{"line":98,"column":6},"end":{"line":98,"column":63}},"63":{"start":{"line":98,"column":26},"end":{"line":98,"column":63}},"64":{"start":{"line":100,"column":6},"end":{"line":100,"column":36}},"65":{"start":{"line":101,"column":6},"end":{"line":102,"column":42}},"66":{"start":{"line":101,"column":31},"end":{"line":101,"column":62}},"67":{"start":{"line":102,"column":11},"end":{"line":102,"column":42}},"68":{"start":{"line":105,"column":4},"end":{"line":109,"column":5}},"69":{"start":{"line":106,"column":20},"end":{"line":106,"column":75}},"70":{"start":{"line":107,"column":6},"end":{"line":107,"column":63}},"71":{"start":{"line":107,"column":26},"end":{"line":107,"column":63}},"72":{"start":{"line":108,"column":6},"end":{"line":108,"column":30}},"73":{"start":{"line":111,"column":19},"end":{"line":113,"column":5}},"74":{"start":{"line":112,"column":16},"end":{"line":112,"column":79}},"75":{"start":{"line":115,"column":4},"end":{"line":115,"column":33}},"76":{"start":{"line":117,"column":4},"end":{"line":117,"column":51}},"77":{"start":{"line":118,"column":4},"end":{"line":118,"column":49}},"78":{"start":{"line":123,"column":0},"end":{"line":182,"column":2}},"79":{"start":{"line":124,"column":2},"end":{"line":181,"column":3}},"80":{"start":{"line":125,"column":48},"end":{"line":130,"column":6}},"81":{"start":{"line":132,"column":21},"end":{"line":142,"column":5}},"82":{"start":{"line":144,"column":30},"end":{"line":144,"column":39}},"83":{"start":{"line":145,"column":4},"end":{"line":153,"column":5}},"84":{"start":{"line":146,"column":18},"end":{"line":146,"column":32}},"85":{"start":{"line":147,"column":6},"end":{"line":147,"column":25}},"86":{"start":{"line":147,"column":16},"end":{"line":147,"column":25}},"87":{"start":{"line":149,"column":23},"end":{"line":149,"column":49}},"88":{"start":{"line":150,"column":6},"end":{"line":152,"column":7}},"89":{"start":{"line":151,"column":8},"end":{"line":151,"column":38}},"90":{"start":{"line":155,"column":4},"end":{"line":175,"column":5}},"91":{"start":{"line":156,"column":19},"end":{"line":156,"column":40}},"92":{"start":{"line":157,"column":21},"end":{"line":157,"column":34}},"93":{"start":{"line":159,"column":6},"end":{"line":162,"column":7}},"94":{"start":{"line":160,"column":8},"end":{"line":160,"column":30}},"95":{"start":{"line":161,"column":8},"end":{"line":161,"column":17}},"96":{"start":{"line":164,"column":6},"end":{"line":164,"column":35}},"97":{"start":{"line":165,"column":21},"end":{"line":165,"column":50}},"98":{"start":{"line":167,"column":6},"end":{"line":174,"column":7}},"99":{"start":{"line":168,"column":25},"end":{"line":168,"column":81}},"100":{"start":{"line":169,"column":8},"end":{"line":171,"column":44}},"101":{"start":{"line":169,"column":27},"end":{"line":169,"column":56}},"102":{"start":{"line":170,"column":13},"end":{"line":171,"column":44}},"103":{"start":{"line":170,"column":33},"end":{"line":170,"column":63}},"104":{"start":{"line":171,"column":13},"end":{"line":171,"column":44}},"105":{"start":{"line":173,"column":8},"end":{"line":173,"column":37}},"106":{"start":{"line":177,"column":4},"end":{"line":177,"column":27}},"107":{"start":{"line":179,"column":4},"end":{"line":179,"column":60}},"108":{"start":{"line":180,"column":4},"end":{"line":180,"column":49}},"109":{"start":{"line":187,"column":0},"end":{"line":203,"column":2}},"110":{"start":{"line":188,"column":2},"end":{"line":202,"column":3}},"111":{"start":{"line":189,"column":28},"end":{"line":189,"column":48}},"112":{"start":{"line":191,"column":14},"end":{"line":191,"column":54}},"113":{"start":{"line":192,"column":4},"end":{"line":194,"column":5}},"114":{"start":{"line":193,"column":6},"end":{"line":193,"column":52}},"115":{"start":{"line":196,"column":4},"end":{"line":196,"column":32}},"116":{"start":{"line":196,"column":25},"end":{"line":196,"column":32}},"117":{"start":{"line":198,"column":4},"end":{"line":198,"column":18}},"118":{"start":{"line":199,"column":4},"end":{"line":199,"column":21}},"119":{"start":{"line":201,"column":4},"end":{"line":201,"column":63}},"120":{"start":{"line":206,"column":0},"end":{"line":221,"column":2}},"121":{"start":{"line":207,"column":2},"end":{"line":220,"column":3}},"122":{"start":{"line":208,"column":28},"end":{"line":208,"column":48}},"123":{"start":{"line":209,"column":16},"end":{"line":209,"column":56}},"124":{"start":{"line":211,"column":4},"end":{"line":211,"column":77}},"125":{"start":{"line":211,"column":14},"end":{"line":211,"column":77}},"126":{"start":{"line":213,"column":4},"end":{"line":213,"column":27}},"127":{"start":{"line":214,"column":4},"end":{"line":214,"column":21}},"128":{"start":{"line":216,"column":4},"end":{"line":216,"column":72}},"129":{"start":{"line":218,"column":4},"end":{"line":218,"column":60}},"130":{"start":{"line":219,"column":4},"end":{"line":219,"column":49}}},"fnMap":{"0":{"name":"(anonymous_0)","decl":{"start":{"line":9,"column":27},"end":{"line":9,"column":28}},"loc":{"start":{"line":9,"column":33},"end":{"line":15,"column":1}},"line":9},"1":{"name":"(anonymous_1)","decl":{"start":{"line":17,"column":22},"end":{"line":17,"column":23}},"loc":{"start":{"line":17,"column":32},"end":{"line":20,"column":1}},"line":17},"2":{"name":"(anonymous_2)","decl":{"start":{"line":22,"column":22},"end":{"line":22,"column":23}},"loc":{"start":{"line":22,"column":32},"end":{"line":28,"column":1}},"line":22},"3":{"name":"(anonymous_3)","decl":{"start":{"line":30,"column":22},"end":{"line":30,"column":23}},"loc":{"start":{"line":30,"column":34},"end":{"line":38,"column":1}},"line":30},"4":{"name":"(anonymous_4)","decl":{"start":{"line":40,"column":26},"end":{"line":40,"column":27}},"loc":{"start":{"line":41,"column":2},"end":{"line":41,"column":70}},"line":41},"5":{"name":"(anonymous_5)","decl":{"start":{"line":46,"column":27},"end":{"line":46,"column":28}},"loc":{"start":{"line":46,"column":47},"end":{"line":120,"column":1}},"line":46},"6":{"name":"(anonymous_6)","decl":{"start":{"line":81,"column":39},"end":{"line":81,"column":40}},"loc":{"start":{"line":81,"column":49},"end":{"line":81,"column":98}},"line":81},"7":{"name":"(anonymous_7)","decl":{"start":{"line":112,"column":6},"end":{"line":112,"column":7}},"loc":{"start":{"line":112,"column":16},"end":{"line":112,"column":79}},"line":112},"8":{"name":"(anonymous_8)","decl":{"start":{"line":123,"column":31},"end":{"line":123,"column":32}},"loc":{"start":{"line":123,"column":51},"end":{"line":182,"column":1}},"line":123},"9":{"name":"(anonymous_9)","decl":{"start":{"line":187,"column":26},"end":{"line":187,"column":27}},"loc":{"start":{"line":187,"column":46},"end":{"line":203,"column":1}},"line":187},"10":{"name":"(anonymous_10)","decl":{"start":{"line":206,"column":33},"end":{"line":206,"column":34}},"loc":{"start":{"line":206,"column":53},"end":{"line":221,"column":1}},"line":206}},"branchMap":{"0":{"loc":{"start":{"line":23,"column":2},"end":{"line":23,"column":27}},"type":"if","locations":[{"start":{"line":23,"column":2},"end":{"line":23,"column":27}},{"start":{},"end":{}}],"line":23},"1":{"loc":{"start":{"line":25,"column":2},"end":{"line":25,"column":46}},"type":"if","locations":[{"start":{"line":25,"column":2},"end":{"line":25,"column":46}},{"start":{},"end":{}}],"line":25},"2":{"loc":{"start":{"line":26,"column":2},"end":{"line":26,"column":42}},"type":"if","locations":[{"start":{"line":26,"column":2},"end":{"line":26,"column":42}},{"start":{},"end":{}}],"line":26},"3":{"loc":{"start":{"line":60,"column":6},"end":{"line":60,"column":64}},"type":"if","locations":[{"start":{"line":60,"column":6},"end":{"line":60,"column":64}},{"start":{},"end":{}}],"line":60},"4":{"loc":{"start":{"line":66,"column":6},"end":{"line":66,"column":63}},"type":"if","locations":[{"start":{"line":66,"column":6},"end":{"line":66,"column":63}},{"start":{},"end":{}}],"line":66},"5":{"loc":{"start":{"line":73,"column":6},"end":{"line":76,"column":7}},"type":"if","locations":[{"start":{"line":73,"column":6},"end":{"line":76,"column":7}},{"start":{},"end":{}}],"line":73},"6":{"loc":{"start":{"line":80,"column":27},"end":{"line":80,"column":59}},"type":"binary-expr","locations":[{"start":{"line":80,"column":27},"end":{"line":80,"column":53}},{"start":{"line":80,"column":57},"end":{"line":80,"column":59}}],"line":80},"7":{"loc":{"start":{"line":83,"column":6},"end":{"line":90,"column":7}},"type":"if","locations":[{"start":{"line":83,"column":6},"end":{"line":90,"column":7}},{"start":{"line":88,"column":13},"end":{"line":90,"column":7}}],"line":83},"8":{"loc":{"start":{"line":85,"column":8},"end":{"line":87,"column":43}},"type":"if","locations":[{"start":{"line":85,"column":8},"end":{"line":87,"column":43}},{"start":{"line":86,"column":13},"end":{"line":87,"column":43}}],"line":85},"9":{"loc":{"start":{"line":86,"column":13},"end":{"line":87,"column":43}},"type":"if","locations":[{"start":{"line":86,"column":13},"end":{"line":87,"column":43}},{"start":{"line":87,"column":13},"end":{"line":87,"column":43}}],"line":86},"10":{"loc":{"start":{"line":95,"column":6},"end":{"line":95,"column":26}},"type":"if","locations":[{"start":{"line":95,"column":6},"end":{"line":95,"column":26}},{"start":{},"end":{}}],"line":95},"11":{"loc":{"start":{"line":98,"column":6},"end":{"line":98,"column":63}},"type":"if","locations":[{"start":{"line":98,"column":6},"end":{"line":98,"column":63}},{"start":{},"end":{}}],"line":98},"12":{"loc":{"start":{"line":101,"column":6},"end":{"line":102,"column":42}},"type":"if","locations":[{"start":{"line":101,"column":6},"end":{"line":102,"column":42}},{"start":{"line":102,"column":11},"end":{"line":102,"column":42}}],"line":101},"13":{"loc":{"start":{"line":106,"column":34},"end":{"line":106,"column":74}},"type":"binary-expr","locations":[{"start":{"line":106,"column":34},"end":{"line":106,"column":45}},{"start":{"line":106,"column":49},"end":{"line":106,"column":60}},{"start":{"line":106,"column":64},"end":{"line":106,"column":74}}],"line":106},"14":{"loc":{"start":{"line":107,"column":6},"end":{"line":107,"column":63}},"type":"if","locations":[{"start":{"line":107,"column":6},"end":{"line":107,"column":63}},{"start":{},"end":{}}],"line":107},"15":{"loc":{"start":{"line":147,"column":6},"end":{"line":147,"column":25}},"type":"if","locations":[{"start":{"line":147,"column":6},"end":{"line":147,"column":25}},{"start":{},"end":{}}],"line":147},"16":{"loc":{"start":{"line":150,"column":6},"end":{"line":152,"column":7}},"type":"if","locations":[{"start":{"line":150,"column":6},"end":{"line":152,"column":7}},{"start":{},"end":{}}],"line":150},"17":{"loc":{"start":{"line":150,"column":10},"end":{"line":150,"column":79}},"type":"binary-expr","locations":[{"start":{"line":150,"column":10},"end":{"line":150,"column":19}},{"start":{"line":150,"column":23},"end":{"line":150,"column":79}}],"line":150},"18":{"loc":{"start":{"line":159,"column":6},"end":{"line":162,"column":7}},"type":"if","locations":[{"start":{"line":159,"column":6},"end":{"line":162,"column":7}},{"start":{},"end":{}}],"line":159},"19":{"loc":{"start":{"line":167,"column":6},"end":{"line":174,"column":7}},"type":"if","locations":[{"start":{"line":167,"column":6},"end":{"line":174,"column":7}},{"start":{"line":172,"column":13},"end":{"line":174,"column":7}}],"line":167},"20":{"loc":{"start":{"line":169,"column":8},"end":{"line":171,"column":44}},"type":"if","locations":[{"start":{"line":169,"column":8},"end":{"line":171,"column":44}},{"start":{"line":170,"column":13},"end":{"line":171,"column":44}}],"line":169},"21":{"loc":{"start":{"line":170,"column":13},"end":{"line":171,"column":44}},"type":"if","locations":[{"start":{"line":170,"column":13},"end":{"line":171,"column":44}},{"start":{"line":171,"column":13},"end":{"line":171,"column":44}}],"line":170},"22":{"loc":{"start":{"line":192,"column":4},"end":{"line":194,"column":5}},"type":"if","locations":[{"start":{"line":192,"column":4},"end":{"line":194,"column":5}},{"start":{},"end":{}}],"line":192},"23":{"loc":{"start":{"line":196,"column":4},"end":{"line":196,"column":32}},"type":"if","locations":[{"start":{"line":196,"column":4},"end":{"line":196,"column":32}},{"start":{},"end":{}}],"line":196},"24":{"loc":{"start":{"line":211,"column":4},"end":{"line":211,"column":77}},"type":"if","locations":[{"start":{"line":211,"column":4},"end":{"line":211,"column":77}},{"start":{},"end":{}}],"line":211}},"s":{"0":5,"1":5,"2":5,"3":5,"4":5,"5":5,"6":5,"7":0,"8":0,"9":5,"10":0,"11":0,"12":5,"13":0,"14":0,"15":0,"16":0,"17":0,"18":0,"19":0,"20":0,"21":5,"22":0,"23":5,"24":0,"25":5,"26":0,"27":0,"28":0,"29":0,"30":0,"31":0,"32":0,"33":0,"34":0,"35":0,"36":0,"37":0,"38":0,"39":0,"40":0,"41":0,"42":0,"43":0,"44":0,"45":0,"46":0,"47":0,"48":0,"49":0,"50":0,"51":0,"52":0,"53":0,"54":0,"55":0,"56":0,"57":0,"58":0,"59":0,"60":0,"61":0,"62":0,"63":0,"64":0,"65":0,"66":0,"67":0,"68":0,"69":0,"70":0,"71":0,"72":0,"73":0,"74":0,"75":0,"76":0,"77":0,"78":5,"79":0,"80":0,"81":0,"82":0,"83":0,"84":0,"85":0,"86":0,"87":0,"88":0,"89":0,"90":0,"91":0,"92":0,"93":0,"94":0,"95":0,"96":0,"97":0,"98":0,"99":0,"100":0,"101":0,"102":0,"103":0,"104":0,"105":0,"106":0,"107":0,"108":0,"109":5,"110":0,"111":0,"112":0,"113":0,"114":0,"115":0,"116":0,"117":0,"118":0,"119":0,"120":5,"121":0,"122":0,"123":0,"124":0,"125":0,"126":0,"127":0,"128":0,"129":0,"130":0},"f":{"0":0,"1":0,"2":0,"3":0,"4":0,"5":0,"6":0,"7":0,"8":0,"9":0,"10":0},"b":{"0":[0,0],"1":[0,0],"2":[0,0],"3":[0,0],"4":[0,0],"5":[0,0],"6":[0,0],"7":[0,0],"8":[0,0],"9":[0,0],"10":[0,0],"11":[0,0],"12":[0,0],"13":[0,0,0],"14":[0,0],"15":[0,0],"16":[0,0],"17":[0,0],"18":[0,0],"19":[0,0],"20":[0,0],"21":[0,0],"22":[0,0],"23":[0,0],"24":[0,0]},"_coverageSchema":"1a1c01bbd47fc00a2c39e90264f33305004495a9","hash":"0f95adeca7ed4a70aa7901bd61511df534974098"}
,"C:\\Users\\sachi\\Desktop\\LawyerUp_DB\\controllers\\authController.js": {"path":"C:\\Users\\sachi\\Desktop\\LawyerUp_DB\\controllers\\authController.js","statementMap":{"0":{"start":{"line":1,"column":15},"end":{"line":1,"column":34}},"1":{"start":{"line":2,"column":13},"end":{"line":2,"column":38}},"2":{"start":{"line":3,"column":22},"end":{"line":3,"column":55}},"3":{"start":{"line":6,"column":0},"end":{"line":47,"column":2}},"4":{"start":{"line":13,"column":6},"end":{"line":13,"column":14}},"5":{"start":{"line":15,"column":2},"end":{"line":46,"column":3}},"6":{"start":{"line":16,"column":23},"end":{"line":16,"column":52}},"7":{"start":{"line":17,"column":4},"end":{"line":17,"column":85}},"8":{"start":{"line":17,"column":20},"end":{"line":17,"column":85}},"9":{"start":{"line":19,"column":27},"end":{"line":19,"column":58}},"10":{"start":{"line":21,"column":20},"end":{"line":27,"column":6}},"11":{"start":{"line":30,"column":25},"end":{"line":37,"column":5}},"12":{"start":{"line":39,"column":4},"end":{"line":42,"column":7}},"13":{"start":{"line":45,"column":4},"end":{"line":45,"column":51}},"14":{"start":{"line":50,"column":0},"end":{"line":66,"column":2}},"15":{"start":{"line":51,"column":30},"end":{"line":51,"column":38}},"16":{"start":{"line":53,"column":2},"end":{"line":65,"column":3}},"17":{"start":{"line":54,"column":17},"end":{"line":54,"column":66}},"18":{"start":{"line":55,"column":4},"end":{"line":55,"column":74}},"19":{"start":{"line":55,"column":15},"end":{"line":55,"column":74}},"20":{"start":{"line":57,"column":20},"end":{"line":57,"column":65}},"21":{"start":{"line":58,"column":4},"end":{"line":58,"column":79}},"22":{"start":{"line":58,"column":18},"end":{"line":58,"column":79}},"23":{"start":{"line":59,"column":4},"end":{"line":62,"column":7}},"24":{"start":{"line":64,"column":4},"end":{"line":64,"column":51}},"25":{"start":{"line":69,"column":0},"end":{"line":86,"column":2}},"26":{"start":{"line":70,"column":30},"end":{"line":70,"column":38}},"27":{"start":{"line":72,"column":2},"end":{"line":85,"column":3}},"28":{"start":{"line":73,"column":17},"end":{"line":73,"column":81}},"29":{"start":{"line":74,"column":4},"end":{"line":74,"column":91}},"30":{"start":{"line":74,"column":15},"end":{"line":74,"column":91}},"31":{"start":{"line":76,"column":20},"end":{"line":76,"column":65}},"32":{"start":{"line":77,"column":4},"end":{"line":77,"column":79}},"33":{"start":{"line":77,"column":18},"end":{"line":77,"column":79}},"34":{"start":{"line":79,"column":4},"end":{"line":82,"column":7}},"35":{"start":{"line":84,"column":4},"end":{"line":84,"column":51}},"36":{"start":{"line":92,"column":0},"end":{"line":112,"column":2}},"37":{"start":{"line":93,"column":56},"end":{"line":93,"column":64}},"38":{"start":{"line":95,"column":2},"end":{"line":111,"column":3}},"39":{"start":{"line":96,"column":17},"end":{"line":96,"column":49}},"40":{"start":{"line":97,"column":4},"end":{"line":97,"column":74}},"41":{"start":{"line":97,"column":15},"end":{"line":97,"column":74}},"42":{"start":{"line":100,"column":4},"end":{"line":100,"column":35}},"43":{"start":{"line":100,"column":14},"end":{"line":100,"column":35}},"44":{"start":{"line":101,"column":4},"end":{"line":101,"column":58}},"45":{"start":{"line":101,"column":23},"end":{"line":101,"column":58}},"46":{"start":{"line":102,"column":4},"end":{"line":102,"column":31}},"47":{"start":{"line":102,"column":14},"end":{"line":102,"column":31}},"48":{"start":{"line":103,"column":4},"end":{"line":103,"column":34}},"49":{"start":{"line":103,"column":15},"end":{"line":103,"column":34}},"50":{"start":{"line":104,"column":4},"end":{"line":104,"column":40}},"51":{"start":{"line":104,"column":17},"end":{"line":104,"column":40}},"52":{"start":{"line":106,"column":4},"end":{"line":106,"column":22}},"53":{"start":{"line":108,"column":4},"end":{"line":108,"column":76}},"54":{"start":{"line":110,"column":4},"end":{"line":110,"column":54}},"55":{"start":{"line":115,"column":0},"end":{"line":157,"column":2}},"56":{"start":{"line":116,"column":51},"end":{"line":116,"column":59}},"57":{"start":{"line":119,"column":20},"end":{"line":119,"column":78}},"58":{"start":{"line":121,"column":2},"end":{"line":121,"column":53}},"59":{"start":{"line":122,"column":2},"end":{"line":122,"column":47}},"60":{"start":{"line":124,"column":2},"end":{"line":126,"column":3}},"61":{"start":{"line":125,"column":4},"end":{"line":125,"column":74}},"62":{"start":{"line":128,"column":2},"end":{"line":156,"column":3}},"63":{"start":{"line":129,"column":23},"end":{"line":129,"column":52}},"64":{"start":{"line":130,"column":4},"end":{"line":130,"column":89}},"65":{"start":{"line":130,"column":20},"end":{"line":130,"column":89}},"66":{"start":{"line":132,"column":27},"end":{"line":132,"column":58}},"67":{"start":{"line":134,"column":21},"end":{"line":140,"column":6}},"68":{"start":{"line":142,"column":18},"end":{"line":142,"column":45}},"69":{"start":{"line":144,"column":4},"end":{"line":153,"column":7}},"70":{"start":{"line":155,"column":4},"end":{"line":155,"column":51}},"71":{"start":{"line":160,"column":0},"end":{"line":168,"column":2}},"72":{"start":{"line":161,"column":2},"end":{"line":167,"column":3}},"73":{"start":{"line":162,"column":18},"end":{"line":162,"column":55}},"74":{"start":{"line":163,"column":4},"end":{"line":163,"column":32}},"75":{"start":{"line":165,"column":4},"end":{"line":165,"column":48}},"76":{"start":{"line":166,"column":4},"end":{"line":166,"column":54}},"77":{"start":{"line":171,"column":0},"end":{"line":193,"column":2}},"78":{"start":{"line":172,"column":17},"end":{"line":172,"column":27}},"79":{"start":{"line":173,"column":21},"end":{"line":173,"column":29}},"80":{"start":{"line":175,"column":26},"end":{"line":175,"column":57}},"81":{"start":{"line":176,"column":2},"end":{"line":178,"column":3}},"82":{"start":{"line":177,"column":4},"end":{"line":177,"column":69}},"83":{"start":{"line":180,"column":2},"end":{"line":192,"column":3}},"84":{"start":{"line":181,"column":17},"end":{"line":185,"column":25}},"85":{"start":{"line":187,"column":4},"end":{"line":187,"column":74}},"86":{"start":{"line":187,"column":15},"end":{"line":187,"column":74}},"87":{"start":{"line":189,"column":4},"end":{"line":189,"column":70}},"88":{"start":{"line":191,"column":4},"end":{"line":191,"column":51}}},"fnMap":{"0":{"name":"(anonymous_0)","decl":{"start":{"line":6,"column":19},"end":{"line":6,"column":20}},"loc":{"start":{"line":6,"column":39},"end":{"line":47,"column":1}},"line":6},"1":{"name":"(anonymous_1)","decl":{"start":{"line":50,"column":16},"end":{"line":50,"column":17}},"loc":{"start":{"line":50,"column":36},"end":{"line":66,"column":1}},"line":50},"2":{"name":"(anonymous_2)","decl":{"start":{"line":69,"column":21},"end":{"line":69,"column":22}},"loc":{"start":{"line":69,"column":41},"end":{"line":86,"column":1}},"line":69},"3":{"name":"(anonymous_3)","decl":{"start":{"line":92,"column":24},"end":{"line":92,"column":25}},"loc":{"start":{"line":92,"column":44},"end":{"line":112,"column":1}},"line":92},"4":{"name":"(anonymous_4)","decl":{"start":{"line":115,"column":24},"end":{"line":115,"column":25}},"loc":{"start":{"line":115,"column":44},"end":{"line":157,"column":1}},"line":115},"5":{"name":"(anonymous_5)","decl":{"start":{"line":160,"column":22},"end":{"line":160,"column":23}},"loc":{"start":{"line":160,"column":42},"end":{"line":168,"column":1}},"line":160},"6":{"name":"(anonymous_6)","decl":{"start":{"line":171,"column":27},"end":{"line":171,"column":28}},"loc":{"start":{"line":171,"column":47},"end":{"line":193,"column":1}},"line":171}},"branchMap":{"0":{"loc":{"start":{"line":11,"column":4},"end":{"line":11,"column":17}},"type":"default-arg","locations":[{"start":{"line":11,"column":11},"end":{"line":11,"column":17}}],"line":11},"1":{"loc":{"start":{"line":17,"column":4},"end":{"line":17,"column":85}},"type":"if","locations":[{"start":{"line":17,"column":4},"end":{"line":17,"column":85}},{"start":{},"end":{}}],"line":17},"2":{"loc":{"start":{"line":35,"column":12},"end":{"line":35,"column":40}},"type":"binary-expr","locations":[{"start":{"line":35,"column":12},"end":{"line":35,"column":24}},{"start":{"line":35,"column":28},"end":{"line":35,"column":40}}],"line":35},"3":{"loc":{"start":{"line":55,"column":4},"end":{"line":55,"column":74}},"type":"if","locations":[{"start":{"line":55,"column":4},"end":{"line":55,"column":74}},{"start":{},"end":{}}],"line":55},"4":{"loc":{"start":{"line":58,"column":4},"end":{"line":58,"column":79}},"type":"if","locations":[{"start":{"line":58,"column":4},"end":{"line":58,"column":79}},{"start":{},"end":{}}],"line":58},"5":{"loc":{"start":{"line":74,"column":4},"end":{"line":74,"column":91}},"type":"if","locations":[{"start":{"line":74,"column":4},"end":{"line":74,"column":91}},{"start":{},"end":{}}],"line":74},"6":{"loc":{"start":{"line":77,"column":4},"end":{"line":77,"column":79}},"type":"if","locations":[{"start":{"line":77,"column":4},"end":{"line":77,"column":79}},{"start":{},"end":{}}],"line":77},"7":{"loc":{"start":{"line":97,"column":4},"end":{"line":97,"column":74}},"type":"if","locations":[{"start":{"line":97,"column":4},"end":{"line":97,"column":74}},{"start":{},"end":{}}],"line":97},"8":{"loc":{"start":{"line":100,"column":4},"end":{"line":100,"column":35}},"type":"if","locations":[{"start":{"line":100,"column":4},"end":{"line":100,"column":35}},{"start":{},"end":{}}],"line":100},"9":{"loc":{"start":{"line":101,"column":4},"end":{"line":101,"column":58}},"type":"if","locations":[{"start":{"line":101,"column":4},"end":{"line":101,"column":58}},{"start":{},"end":{}}],"line":101},"10":{"loc":{"start":{"line":102,"column":4},"end":{"line":102,"column":31}},"type":"if","locations":[{"start":{"line":102,"column":4},"end":{"line":102,"column":31}},{"start":{},"end":{}}],"line":102},"11":{"loc":{"start":{"line":103,"column":4},"end":{"line":103,"column":34}},"type":"if","locations":[{"start":{"line":103,"column":4},"end":{"line":103,"column":34}},{"start":{},"end":{}}],"line":103},"12":{"loc":{"start":{"line":104,"column":4},"end":{"line":104,"column":40}},"type":"if","locations":[{"start":{"line":104,"column":4},"end":{"line":104,"column":40}},{"start":{},"end":{}}],"line":104},"13":{"loc":{"start":{"line":124,"column":2},"end":{"line":126,"column":3}},"type":"if","locations":[{"start":{"line":124,"column":2},"end":{"line":126,"column":3}},{"start":{},"end":{}}],"line":124},"14":{"loc":{"start":{"line":124,"column":6},"end":{"line":124,"column":57}},"type":"binary-expr","locations":[{"start":{"line":124,"column":6},"end":{"line":124,"column":16}},{"start":{"line":124,"column":20},"end":{"line":124,"column":57}}],"line":124},"15":{"loc":{"start":{"line":130,"column":4},"end":{"line":130,"column":89}},"type":"if","locations":[{"start":{"line":130,"column":4},"end":{"line":130,"column":89}},{"start":{},"end":{}}],"line":130},"16":{"loc":{"start":{"line":176,"column":2},"end":{"line":178,"column":3}},"type":"if","locations":[{"start":{"line":176,"column":2},"end":{"line":178,"column":3}},{"start":{},"end":{}}],"line":176},"17":{"loc":{"start":{"line":187,"column":4},"end":{"line":187,"column":74}},"type":"if","locations":[{"start":{"line":187,"column":4},"end":{"line":187,"column":74}},{"start":{},"end":{}}],"line":187}},"s":{"0":5,"1":5,"2":5,"3":5,"4":4,"5":4,"6":4,"7":4,"8":0,"9":4,"10":4,"11":4,"12":4,"13":0,"14":5,"15":5,"16":5,"17":5,"18":5,"19":0,"20":5,"21":5,"22":1,"23":4,"24":0,"25":5,"26":0,"27":0,"28":0,"29":0,"30":0,"31":0,"32":0,"33":0,"34":0,"35":0,"36":5,"37":1,"38":1,"39":1,"40":1,"41":0,"42":1,"43":1,"44":1,"45":0,"46":1,"47":1,"48":1,"49":0,"50":1,"51":0,"52":1,"53":1,"54":0,"55":5,"56":0,"57":0,"58":0,"59":0,"60":0,"61":0,"62":0,"63":0,"64":0,"65":0,"66":0,"67":0,"68":0,"69":0,"70":0,"71":5,"72":0,"73":0,"74":0,"75":0,"76":0,"77":5,"78":0,"79":0,"80":0,"81":0,"82":0,"83":0,"84":0,"85":0,"86":0,"87":0,"88":0},"f":{"0":4,"1":5,"2":0,"3":1,"4":0,"5":0,"6":0},"b":{"0":[4],"1":[0,4],"2":[4,0],"3":[0,5],"4":[1,4],"5":[0,0],"6":[0,0],"7":[0,1],"8":[1,0],"9":[0,1],"10":[1,0],"11":[0,1],"12":[0,1],"13":[0,0],"14":[0,0],"15":[0,0],"16":[0,0],"17":[0,0]},"_coverageSchema":"1a1c01bbd47fc00a2c39e90264f33305004495a9","hash":"785245120576cecffb6c5a1eb93ef1dd42297fcb"}
,"C:\\Users\\sachi\\Desktop\\LawyerUp_DB\\controllers\\bookingController.js": {"path":"C:\\Users\\sachi\\Desktop\\LawyerUp_DB\\controllers\\bookingController.js","statementMap":{"0":{"start":{"line":1,"column":16},"end":{"line":1,"column":44}},"1":{"start":{"line":2,"column":15},"end":{"line":2,"column":42}},"2":{"start":{"line":3,"column":35},"end":{"line":3,"column":64}},"3":{"start":{"line":4,"column":29},"end":{"line":4,"column":64}},"4":{"start":{"line":7,"column":0},"end":{"line":57,"column":2}},"5":{"start":{"line":8,"column":2},"end":{"line":56,"column":3}},"6":{"start":{"line":18,"column":8},"end":{"line":18,"column":16}},"7":{"start":{"line":20,"column":4},"end":{"line":22,"column":5}},"8":{"start":{"line":21,"column":6},"end":{"line":21,"column":83}},"9":{"start":{"line":24,"column":21},"end":{"line":24,"column":36}},"10":{"start":{"line":25,"column":19},"end":{"line":25,"column":43}},"11":{"start":{"line":27,"column":21},"end":{"line":27,"column":57}},"12":{"start":{"line":29,"column":21},"end":{"line":33,"column":6}},"13":{"start":{"line":30,"column":28},"end":{"line":30,"column":45}},"14":{"start":{"line":31,"column":26},"end":{"line":31,"column":57}},"15":{"start":{"line":32,"column":6},"end":{"line":32,"column":67}},"16":{"start":{"line":35,"column":4},"end":{"line":37,"column":5}},"17":{"start":{"line":36,"column":6},"end":{"line":36,"column":99}},"18":{"start":{"line":39,"column":20},"end":{"line":50,"column":6}},"19":{"start":{"line":52,"column":4},"end":{"line":52,"column":34}},"20":{"start":{"line":54,"column":4},"end":{"line":54,"column":53}},"21":{"start":{"line":55,"column":4},"end":{"line":55,"column":66}},"22":{"start":{"line":60,"column":17},"end":{"line":60,"column":43}},"23":{"start":{"line":61,"column":2},"end":{"line":61,"column":20}},"24":{"start":{"line":67,"column":0},"end":{"line":79,"column":4}},"25":{"start":{"line":68,"column":4},"end":{"line":78,"column":5}},"26":{"start":{"line":69,"column":23},"end":{"line":72,"column":104}},"27":{"start":{"line":74,"column":6},"end":{"line":74,"column":25}},"28":{"start":{"line":76,"column":6},"end":{"line":76,"column":61}},"29":{"start":{"line":77,"column":6},"end":{"line":77,"column":73}},"30":{"start":{"line":87,"column":0},"end":{"line":97,"column":4}},"31":{"start":{"line":88,"column":4},"end":{"line":96,"column":5}},"32":{"start":{"line":89,"column":23},"end":{"line":91,"column":101}},"33":{"start":{"line":92,"column":6},"end":{"line":92,"column":25}},"34":{"start":{"line":94,"column":6},"end":{"line":94,"column":63}},"35":{"start":{"line":95,"column":6},"end":{"line":95,"column":75}},"36":{"start":{"line":101,"column":0},"end":{"line":119,"column":2}},"37":{"start":{"line":102,"column":2},"end":{"line":118,"column":3}},"38":{"start":{"line":103,"column":41},"end":{"line":103,"column":50}},"39":{"start":{"line":105,"column":19},"end":{"line":105,"column":50}},"40":{"start":{"line":106,"column":4},"end":{"line":106,"column":78}},"41":{"start":{"line":106,"column":17},"end":{"line":106,"column":78}},"42":{"start":{"line":108,"column":20},"end":{"line":108,"column":83}},"43":{"start":{"line":109,"column":25},"end":{"line":109,"column":55}},"44":{"start":{"line":111,"column":29},"end":{"line":111,"column":75}},"45":{"start":{"line":113,"column":18},"end":{"line":113,"column":92}},"46":{"start":{"line":114,"column":4},"end":{"line":114,"column":20}},"47":{"start":{"line":116,"column":4},"end":{"line":116,"column":50}},"48":{"start":{"line":117,"column":4},"end":{"line":117,"column":76}},"49":{"start":{"line":122,"column":0},"end":{"line":131,"column":2}},"50":{"start":{"line":123,"column":2},"end":{"line":130,"column":3}},"51":{"start":{"line":124,"column":23},"end":{"line":124,"column":31}},"52":{"start":{"line":125,"column":20},"end":{"line":125,"column":93}},"53":{"start":{"line":126,"column":4},"end":{"line":126,"column":22}},"54":{"start":{"line":128,"column":4},"end":{"line":128,"column":61}},"55":{"start":{"line":129,"column":4},"end":{"line":129,"column":65}},"56":{"start":{"line":134,"column":0},"end":{"line":143,"column":2}},"57":{"start":{"line":135,"column":2},"end":{"line":142,"column":3}},"58":{"start":{"line":136,"column":28},"end":{"line":136,"column":36}},"59":{"start":{"line":137,"column":20},"end":{"line":137,"column":98}},"60":{"start":{"line":138,"column":4},"end":{"line":138,"column":22}},"61":{"start":{"line":140,"column":4},"end":{"line":140,"column":59}},"62":{"start":{"line":141,"column":4},"end":{"line":141,"column":63}},"63":{"start":{"line":145,"column":0},"end":{"line":153,"column":2}},"64":{"start":{"line":146,"column":4},"end":{"line":152,"column":5}},"65":{"start":{"line":147,"column":8},"end":{"line":147,"column":55}},"66":{"start":{"line":148,"column":8},"end":{"line":148,"column":62}},"67":{"start":{"line":150,"column":8},"end":{"line":150,"column":45}},"68":{"start":{"line":151,"column":8},"end":{"line":151,"column":70}},"69":{"start":{"line":157,"column":0},"end":{"line":179,"column":2}},"70":{"start":{"line":158,"column":24},"end":{"line":158,"column":34}},"71":{"start":{"line":160,"column":2},"end":{"line":178,"column":3}},"72":{"start":{"line":161,"column":20},"end":{"line":163,"column":25}},"73":{"start":{"line":165,"column":4},"end":{"line":167,"column":5}},"74":{"start":{"line":166,"column":6},"end":{"line":166,"column":66}},"75":{"start":{"line":169,"column":30},"end":{"line":172,"column":7}},"76":{"start":{"line":169,"column":59},"end":{"line":172,"column":5}},"77":{"start":{"line":174,"column":4},"end":{"line":174,"column":44}},"78":{"start":{"line":176,"column":4},"end":{"line":176,"column":49}},"79":{"start":{"line":177,"column":4},"end":{"line":177,"column":63}},"80":{"start":{"line":202,"column":0},"end":{"line":238,"column":2}},"81":{"start":{"line":203,"column":24},"end":{"line":203,"column":34}},"82":{"start":{"line":204,"column":29},"end":{"line":204,"column":37}},"83":{"start":{"line":206,"column":2},"end":{"line":208,"column":3}},"84":{"start":{"line":207,"column":4},"end":{"line":207,"column":71}},"85":{"start":{"line":210,"column":2},"end":{"line":237,"column":3}},"86":{"start":{"line":211,"column":26},"end":{"line":211,"column":39}},"87":{"start":{"line":213,"column":20},"end":{"line":218,"column":5}},"88":{"start":{"line":220,"column":4},"end":{"line":224,"column":6}},"89":{"start":{"line":226,"column":25},"end":{"line":228,"column":52}},"90":{"start":{"line":230,"column":16},"end":{"line":230,"column":40}},"91":{"start":{"line":231,"column":4},"end":{"line":231,"column":33}},"92":{"start":{"line":233,"column":4},"end":{"line":233,"column":30}},"93":{"start":{"line":235,"column":4},"end":{"line":235,"column":47}},"94":{"start":{"line":236,"column":4},"end":{"line":236,"column":62}},"95":{"start":{"line":273,"column":0},"end":{"line":286,"column":2}},"96":{"start":{"line":274,"column":24},"end":{"line":274,"column":34}},"97":{"start":{"line":276,"column":2},"end":{"line":285,"column":3}},"98":{"start":{"line":277,"column":20},"end":{"line":280,"column":5}},"99":{"start":{"line":281,"column":4},"end":{"line":281,"column":65}},"100":{"start":{"line":283,"column":4},"end":{"line":283,"column":44}},"101":{"start":{"line":284,"column":4},"end":{"line":284,"column":71}},"102":{"start":{"line":291,"column":0},"end":{"line":308,"column":2}},"103":{"start":{"line":292,"column":17},"end":{"line":292,"column":28}},"104":{"start":{"line":294,"column":2},"end":{"line":307,"column":3}},"105":{"start":{"line":295,"column":19},"end":{"line":298,"column":5}},"106":{"start":{"line":300,"column":4},"end":{"line":303,"column":7}},"107":{"start":{"line":305,"column":4},"end":{"line":305,"column":75}},"108":{"start":{"line":306,"column":4},"end":{"line":306,"column":77}}},"fnMap":{"0":{"name":"(anonymous_0)","decl":{"start":{"line":7,"column":24},"end":{"line":7,"column":25}},"loc":{"start":{"line":7,"column":44},"end":{"line":57,"column":1}},"line":7},"1":{"name":"(anonymous_1)","decl":{"start":{"line":29,"column":35},"end":{"line":29,"column":36}},"loc":{"start":{"line":29,"column":40},"end":{"line":33,"column":5}},"line":29},"2":{"name":"toMinutes","decl":{"start":{"line":59,"column":9},"end":{"line":59,"column":18}},"loc":{"start":{"line":59,"column":24},"end":{"line":62,"column":1}},"line":59},"3":{"name":"(anonymous_3)","decl":{"start":{"line":67,"column":28},"end":{"line":67,"column":29}},"loc":{"start":{"line":67,"column":48},"end":{"line":79,"column":3}},"line":67},"4":{"name":"(anonymous_4)","decl":{"start":{"line":87,"column":30},"end":{"line":87,"column":31}},"loc":{"start":{"line":87,"column":50},"end":{"line":97,"column":3}},"line":87},"5":{"name":"(anonymous_5)","decl":{"start":{"line":101,"column":28},"end":{"line":101,"column":29}},"loc":{"start":{"line":101,"column":48},"end":{"line":119,"column":1}},"line":101},"6":{"name":"(anonymous_6)","decl":{"start":{"line":122,"column":30},"end":{"line":122,"column":31}},"loc":{"start":{"line":122,"column":50},"end":{"line":131,"column":1}},"line":122},"7":{"name":"(anonymous_7)","decl":{"start":{"line":134,"column":28},"end":{"line":134,"column":29}},"loc":{"start":{"line":134,"column":48},"end":{"line":143,"column":1}},"line":134},"8":{"name":"(anonymous_8)","decl":{"start":{"line":145,"column":24},"end":{"line":145,"column":25}},"loc":{"start":{"line":145,"column":44},"end":{"line":153,"column":1}},"line":145},"9":{"name":"(anonymous_9)","decl":{"start":{"line":157,"column":22},"end":{"line":157,"column":23}},"loc":{"start":{"line":157,"column":42},"end":{"line":179,"column":1}},"line":157},"10":{"name":"(anonymous_10)","decl":{"start":{"line":169,"column":51},"end":{"line":169,"column":52}},"loc":{"start":{"line":169,"column":59},"end":{"line":172,"column":5}},"line":169},"11":{"name":"(anonymous_11)","decl":{"start":{"line":202,"column":22},"end":{"line":202,"column":23}},"loc":{"start":{"line":202,"column":42},"end":{"line":238,"column":1}},"line":202},"12":{"name":"(anonymous_12)","decl":{"start":{"line":273,"column":29},"end":{"line":273,"column":30}},"loc":{"start":{"line":273,"column":49},"end":{"line":286,"column":1}},"line":273},"13":{"name":"(anonymous_13)","decl":{"start":{"line":291,"column":42},"end":{"line":291,"column":43}},"loc":{"start":{"line":291,"column":62},"end":{"line":308,"column":1}},"line":291}},"branchMap":{"0":{"loc":{"start":{"line":15,"column":6},"end":{"line":15,"column":18}},"type":"default-arg","locations":[{"start":{"line":15,"column":17},"end":{"line":15,"column":18}}],"line":15},"1":{"loc":{"start":{"line":20,"column":4},"end":{"line":22,"column":5}},"type":"if","locations":[{"start":{"line":20,"column":4},"end":{"line":22,"column":5}},{"start":{},"end":{}}],"line":20},"2":{"loc":{"start":{"line":20,"column":8},"end":{"line":20,"column":70}},"type":"binary-expr","locations":[{"start":{"line":20,"column":8},"end":{"line":20,"column":13}},{"start":{"line":20,"column":17},"end":{"line":20,"column":24}},{"start":{"line":20,"column":28},"end":{"line":20,"column":39}},{"start":{"line":20,"column":43},"end":{"line":20,"column":48}},{"start":{"line":20,"column":52},"end":{"line":20,"column":57}},{"start":{"line":20,"column":61},"end":{"line":20,"column":70}}],"line":20},"3":{"loc":{"start":{"line":32,"column":15},"end":{"line":32,"column":65}},"type":"binary-expr","locations":[{"start":{"line":32,"column":15},"end":{"line":32,"column":38}},{"start":{"line":32,"column":42},"end":{"line":32,"column":65}}],"line":32},"4":{"loc":{"start":{"line":35,"column":4},"end":{"line":37,"column":5}},"type":"if","locations":[{"start":{"line":35,"column":4},"end":{"line":37,"column":5}},{"start":{},"end":{}}],"line":35},"5":{"loc":{"start":{"line":106,"column":4},"end":{"line":106,"column":78}},"type":"if","locations":[{"start":{"line":106,"column":4},"end":{"line":106,"column":78}},{"start":{},"end":{}}],"line":106},"6":{"loc":{"start":{"line":109,"column":25},"end":{"line":109,"column":55}},"type":"binary-expr","locations":[{"start":{"line":109,"column":25},"end":{"line":109,"column":49}},{"start":{"line":109,"column":53},"end":{"line":109,"column":55}}],"line":109},"7":{"loc":{"start":{"line":165,"column":4},"end":{"line":167,"column":5}},"type":"if","locations":[{"start":{"line":165,"column":4},"end":{"line":167,"column":5}},{"start":{},"end":{}}],"line":165},"8":{"loc":{"start":{"line":206,"column":2},"end":{"line":208,"column":3}},"type":"if","locations":[{"start":{"line":206,"column":2},"end":{"line":208,"column":3}},{"start":{},"end":{}}],"line":206},"9":{"loc":{"start":{"line":206,"column":6},"end":{"line":206,"column":24}},"type":"binary-expr","locations":[{"start":{"line":206,"column":6},"end":{"line":206,"column":11}},{"start":{"line":206,"column":15},"end":{"line":206,"column":24}}],"line":206}},"s":{"0":5,"1":5,"2":5,"3":5,"4":5,"5":1,"6":1,"7":1,"8":0,"9":1,"10":1,"11":1,"12":1,"13":0,"14":0,"15":0,"16":1,"17":0,"18":1,"19":
[...]
,"C:\\Users\\sachi\\Desktop\\LawyerUp_DB\\routes\\pdfRoutes.js": {"path":"C:\\Users\\sachi\\Desktop\\LawyerUp_DB\\routes\\pdfRoutes.js","statementMap":{"0":{"start":{"line":1,"column":16},"end":{"line":1,"column":34}},"1":{"start":{"line":2,"column":15},"end":{"line":2,"column":32}},"2":{"start":{"line":3,"column":11},"end":{"line":3,"column":24}},"3":{"start":{"line":4,"column":13},"end":{"line":4,"column":28}},"4":{"start":{"line":5,"column":15},"end":{"line":5,"column":31}},"5":{"start":{"line":6,"column":17},"end":{"line":6,"column":41}},"6":{"start":{"line":9,"column":16},"end":{"line":20,"column":2}},"7":{"start":{"line":11,"column":20},"end":{"line":11,"column":58}},"8":{"start":{"line":12,"column":4},"end":{"line":12,"column":76}},"9":{"start":{"line":12,"column":33},"end":{"line":12,"column":76}},"10":{"start":{"line":13,"column":4},"end":{"line":13,"column":22}},"11":{"start":{"line":16,"column":16},"end":{"line":16,"column":22}},"12":{"start":{"line":17,"column":23},"end":{"line":17,"column":62}},"13":{"start":{"line":18,"column":4},"end":{"line":18,"column":25}},"14":{"start":{"line":22,"column":19},"end":{"line":25,"column":1}},"15":{"start":{"line":23,"column":2},"end":{"line":24,"column":51}},"16":{"start":{"line":23,"column":43},"end":{"line":23,"column":58}},"17":{"start":{"line":24,"column":7},"end":{"line":24,"column":51}},"18":{"start":{"line":27,"column":15},"end":{"line":27,"column":46}},"19":{"start":{"line":30,"column":0},"end":{"line":43,"column":3}},"20":{"start":{"line":31,"column":2},"end":{"line":42,"column":3}},"21":{"start":{"line":32,"column":22},"end":{"line":32,"column":30}},"22":{"start":{"line":33,"column":21},"end":{"line":33,"column":56}},"23":{"start":{"line":35,"column":19},"end":{"line":35,"column":57}},"24":{"start":{"line":36,"column":4},"end":{"line":36,"column":24}},"25":{"start":{"line":38,"column":4},"end":{"line":38,"column":80}},"26":{"start":{"line":40,"column":4},"end":{"line":40,"column":40}},"27":{"start":{"line":41,"column":4},"end":{"line":41,"column":79}},"28":{"start":{"line":46,"column":0},"end":{"line":53,"column":3}},"29":{"start":{"line":47,"column":2},"end":{"line":52,"column":3}},"30":{"start":{"line":48,"column":17},"end":{"line":48,"column":63}},"31":{"start":{"line":49,"column":4},"end":{"line":49,"column":19}},"32":{"start":{"line":51,"column":4},"end":{"line":51,"column":60}},"33":{"start":{"line":56,"column":0},"end":{"line":74,"column":3}},"34":{"start":{"line":57,"column":2},"end":{"line":73,"column":3}},"35":{"start":{"line":58,"column":16},"end":{"line":58,"column":54}},"36":{"start":{"line":59,"column":4},"end":{"line":59,"column":70}},"37":{"start":{"line":59,"column":14},"end":{"line":59,"column":70}},"38":{"start":{"line":61,"column":21},"end":{"line":61,"column":59}},"39":{"start":{"line":62,"column":4},"end":{"line":62,"column":44}},"40":{"start":{"line":64,"column":4},"end":{"line":66,"column":5}},"41":{"start":{"line":65,"column":6},"end":{"line":65,"column":30}},"42":{"start":{"line":68,"column":4},"end":{"line":68,"column":52}},"43":{"start":{"line":69,"column":4},"end":{"line":69,"column":54}},"44":{"start":{"line":71,"column":4},"end":{"line":71,"column":40}},"45":{"start":{"line":72,"column":4},"end":{"line":72,"column":82}},"46":{"start":{"line":76,"column":0},"end":{"line":76,"column":24}}},"fnMap":{"0":{"name":"(anonymous_0)","decl":{"start":{"line":10,"column":15},"end":{"line":10,"column":16}},"loc":{"start":{"line":10,"column":34},"end":{"line":14,"column":3}},"line":10},"1":{"name":"(anonymous_1)","decl":{"start":{"line":15,"column":12},"end":{"line":15,"column":13}},"loc":{"start":{"line":15,"column":31},"end":{"line":19,"column":3}},"line":15},"2":{"name":"(anonymous_2)","decl":{"start":{"line":22,"column":19},"end":{"line":22,"column":20}},"loc":{"start":{"line":22,"column":38},"end":{"line":25,"column":1}},"line":22},"3":{"name":"(anonymous_3)","decl":{"start":{"line":30,"column":45},"end":{"line":30,"column":46}},"loc":{"start":{"line":30,"column":65},"end":{"line":43,"column":1}},"line":30},"4":{"name":"(anonymous_4)","decl":{"start":{"line":46,"column":16},"end":{"line":46,"column":17}},"loc":{"start":{"line":46,"column":36},"end":{"line":53,"column":1}},"line":46},"5":{"name":"(anonymous_5)","decl":{"start":{"line":56,"column":22},"end":{"line":56,"column":23}},"loc":{"start":{"line":56,"column":42},"end":{"line":74,"column":1}},"line":56}},"branchMap":{"0":{"loc":{"start":{"line":12,"column":4},"end":{"line":12,"column":76}},"type":"if","locations":[{"start":{"line":12,"column":4},"end":{"line":12,"column":76}},{"start":{},"end":{}}],"line":12},"1":{"loc":{"start":{"line":23,"column":2},"end":{"line":24,"column":51}},"type":"if","locations":[{"start":{"line":23,"column":2},"end":{"line":24,"column":51}},{"start":{"line":24,"column":7},"end":{"line":24,"column":51}}],"line":23},"2":{"loc":{"start":{"line":59,"column":4},"end":{"line":59,"column":70}},"type":"if","locations":[{"start":{"line":59,"column":4},"end":{"line":59,"column":70}},{"start":{},"end":{}}],"line":59},"3":{"loc":{"start":{"line":64,"column":4},"end":{"line":66,"column":5}},"type":"if","locations":[{"start":{"line":64,"column":4},"end":{"line":66,"column":5}},{"start":{},"end":{}}],"line":64}},"s":{"0":5,"1":5,"2":5,"3":5,"4":5,"5":5,"6":5,"7":0,"8":0,"9":0,"10":0,"11":0,"12":0,"13":0,"14":5,"15":0,"16":0,"17":0,"18":5,"19":5,"20":0,"21":0,"22":0,"23":0,"24":0,"25":0,"26":0,"27":0,"28":5,"29":0,"30":0,"31":0,"32":0,"33":5,"34":0,"35":0,"36":0,"37":0,"38":0,"39":0,"40":0,"41":0,"42":0,"43":0,"44":0,"45":0,"46":5},"f":{"0":0,"1":0,"2":0,"3":0,"4":0,"5":0},"b":{"0":[0,0],"1":[0,0],"2":[0,0],"3":[0,0]},"_coverageSchema":"1a1c01bbd47fc00a2c39e90264f33305004495a9","hash":"c12af6fb3591a755d724d9a7f0d07dda20aa7745"}
,"C:\\Users\\sachi\\Desktop\\LawyerUp_DB\\routes\\reportRoutes.js": {"path":"C:\\Users\\sachi\\Desktop\\LawyerUp_DB\\routes\\reportRoutes.js","statementMap":{"0":{"start":{"line":1,"column":16},"end":{"line":1,"column":34}},"1":{"start":{"line":2,"column":15},"end":{"line":2,"column":31}},"2":{"start":{"line":7,"column":4},"end":{"line":7,"column":46}},"3":{"start":{"line":9,"column":0},"end":{"line":9,"column":31}},"4":{"start":{"line":10,"column":0},"end":{"line":10,"column":31}},"5":{"start":{"line":11,"column":0},"end":{"line":11,"column":48}},"6":{"start":{"line":13,"column":0},"end":{"line":13,"column":24}}},"fnMap":{},"branchMap":{},"s":{"0":5,"1":5,"2":5,"3":5,"4":5,"5":5,"6":5},"f":{},"b":{},"_coverageSchema":"1a1c01bbd47fc00a2c39e90264f33305004495a9","hash":"261519be1c52bca7bcef25cc33914f850f5768ef"}
,"C:\\Users\\sachi\\Desktop\\LawyerUp_DB\\routes\\reviewRoutes.js": {"path":"C:\\Users\\sachi\\Desktop\\LawyerUp_DB\\routes\\reviewRoutes.js","statementMap":{"0":{"start":{"line":1,"column":16},"end":{"line":1,"column":34}},"1":{"start":{"line":2,"column":15},"end":{"line":2,"column":31}},"2":{"start":{"line":3,"column":25},"end":{"line":3,"column":67}},"3":{"start":{"line":5,"column":0},"end":{"line":5,"column":41}},"4":{"start":{"line":7,"column":0},"end":{"line":7,"column":24}}},"fnMap":{},"branchMap":{},"s":{"0":5,"1":5,"2":5,"3":5,"4":5},"f":{},"b":{},"_coverageSchema":"1a1c01bbd47fc00a2c39e90264f33305004495a9","hash":"ac4c4d7c6266553b908ea68de265df1b943839d5"}
,"C:\\Users\\sachi\\Desktop\\LawyerUp_DB\\utils\\analyticsSocket.js": {"path":"C:\\Users\\sachi\\Desktop\\LawyerUp_DB\\utils\\analyticsSocket.js","statementMap":{"0":{"start":{"line":1,"column":29},"end":{"line":1,"column":74}},"1":{"start":{"line":3,"column":0},"end":{"line":29,"column":2}},"2":{"start":{"line":4,"column":2},"end":{"line":4,"column":59}},"3":{"start":{"line":6,"column":24},"end":{"line":20,"column":3}},"4":{"start":{"line":7,"column":20},"end":{"line":7,"column":22}},"5":{"start":{"line":8,"column":20},"end":{"line":13,"column":5}},"6":{"start":{"line":10,"column":8},"end":{"line":10,"column":45}},"7":{"start":{"line":12,"column":21},"end":{"line":12,"column":39}},"8":{"start":{"line":15,"column":4},"end":{"line":19,"column":5}},"9":{"start":{"line":16,"column":6},"end":{"line":16,"column":47}},"10":{"start":{"line":18,"column":6},"end":{"line":18,"column":55}},"11":{"start":{"line":22,"column":2},"end":{"line":22,"column":18}},"12":{"start":{"line":23,"column":19},"end":{"line":23,"column":52}},"13":{"start":{"line":25,"column":2},"end":{"line":28,"column":5}},"14":{"start":{"line":26,"column":4},"end":{"line":26,"column":28}},"15":{"start":{"line":27,"column":4},"end":{"line":27,"column":51}}},"fnMap":{"0":{"name":"(anonymous_0)","decl":{"start":{"line":3,"column":33},"end":{"line":3,"column":34}},"loc":{"start":{"line":3,"column":45},"end":{"line":29,"column":1}},"line":3},"1":{"name":"(anonymous_1)","decl":{"start":{"line":6,"column":24},"end":{"line":6,"column":25}},"loc":{"start":{"line":6,"column":36},"end":{"line":20,"column":3}},"line":6},"2":{"name":"(anonymous_2)","decl":{"start":{"line":9,"column":12},"end":{"line":9,"column":13}},"loc":{"start":{"line":9,"column":22},"end":{"line":11,"column":7}},"line":9},"3":{"name":"(anonymous_3)","decl":{"start":{"line":12,"column":14},"end":{"line":12,"column":15}},"loc":{"start":{"line":12,"column":21},"end":{"line":12,"column":39}},"line":12},"4":{"name":"(anonymous_4)","decl":{"start":{"line":12,"column":29},"end":{"line":12,"column":30}},"loc":{"start":{"line":12,"column":35},"end":{"line":12,"column":37}},"line":12},"5":{"name":"(anonymous_5)","decl":{"start":{"line":25,"column":26},"end":{"line":25,"column":27}},"loc":{"start":{"line":25,"column":32},"end":{"line":28,"column":3}},"line":25}},"branchMap":{},"s":{"0":1,"1":1,"2":0,"3":0,"4":0,"5":0,"6":0,"7":0,"8":0,"9":0,"10":0,"11":0,"12":0,"13":0,"14":0,"15":0},"f":{"0":0,"1":0,"2":0,"3":0,"4":0,"5":0},"b":{},"_coverageSchema":"1a1c01bbd47fc00a2c39e90264f33305004495a9","hash":"593bb75a3214fb6afac18011b6ed242f8a745388"}
,"C:\\Users\\sachi\\Desktop\\LawyerUp_DB\\utils\\customEncrypter.js": {"path":"C:\\Users\\sachi\\Desktop\\LawyerUp_DB\\utils\\customEncrypter.js","statementMap":{"0":{"start":{"line":5,"column":22},"end":{"line":10,"column":3}},"1":{"start":{"line":12,"column":24},"end":{"line":14,"column":3}},"2":{"start":{"line":13,"column":50},"end":{"line":13,"column":56}},"3":{"start":{"line":22,"column":4},"end":{"line":27,"column":16}},"4":{"start":{"line":23,"column":20},"end":{"line":23,"column":38}},"5":{"start":{"line":24,"column":21},"end":{"line":24,"column":41}},"6":{"start":{"line":25,"column":6},"end":{"line":25,"column":31}},"7":{"start":{"line":25,"column":19},"end":{"line":25,"column":31}},"8":{"start":{"line":26,"column":6},"end":{"line":26,"column":60}},"9":{"start":{"line":36,"column":4},"end":{"line":41,"column":16}},"10":{"start":{"line":37,"column":20},"end":{"line":37,"column":38}},"11":{"start":{"line":38,"column":21},"end":{"line":38,"column":41}},"12":{"start":{"line":39,"column":6},"end":{"line":39,"column":31}},"13":{"start":{"line":39,"column":19},"end":{"line":39,"column":31}},"14":{"start":{"line":40,"column":6},"end":{"line":40,"column":60}},"15":{"start":{"line":44,"column":2},"end":{"line":44,"column":40}}},"fnMap":{"0":{"name":"(anonymous_0)","decl":{"start":{"line":13,"column":38},"end":{"line":13,"column":39}},"loc":{"start":{"line":13,"column":50},"end":{"line":13,"column":56}},"line":13},"1":{"name":"encrypt","decl":{"start":{"line":21,"column":11},"end":{"line":21,"column":18}},"loc":{"start":{"line":21,"column":25},"end":{"line":28,"column":3}},"line":21},"2":{"name":"(anonymous_2)","decl":{"start":{"line":22,"column":30},"end":{"line":22,"column":31}},"loc":{"start":{"line":22,"column":38},"end":{"line":27,"column":5}},"line":22},"3":{"name":"decrypt","decl":{"start":{"line":35,"column":11},"end":{"line":35,"column":18}},"loc":{"start":{"line":35,"column":25},"end":{"line":42,"column":3}},"line":35},"4":{"name":"(anonymous_4)","decl":{"start":{"line":36,"column":30},"end":{"line":36,"column":31}},"loc":{"start":{"line":36,"column":38},"end":{"line":41,"column":5}},"line":36}},"branchMap":{"0":{"loc":{"start":{"line":25,"column":6},"end":{"line":25,"column":31}},"type":"if","locations":[{"start":{"line":25,"column":6},"end":{"line":25,"column":31}},{"start":{},"end":{}}],"line":25},"1":{"loc":{"start":{"line":26,"column":13},"end":{"line":26,"column":59}},"type":"cond-expr","locations":[{"start":{"line":26,"column":30},"end":{"line":26,"column":36}},{"start":{"line":26,"column":39},"end":{"line":26,"column":59}}],"line":26},"2":{"loc":{"start":{"line":39,"column":6},"end":{"line":39,"column":31}},"type":"if","locations":[{"start":{"line":39,"column":6},"end":{"line":39,"column":31}},{"start":{},"end":{}}],"line":39},"3":{"loc":{"start":{"line":40,"column":13},"end":{"line":40,"column":59}},"type":"cond-expr","locations":[{"start":{"line":40,"column":30},"end":{"line":40,"column":36}},{"start":{"line":40,"column":39},"end":{"line":40,"column":59}}],"line":40}},"s":{"0":5,"1":5,"2":130,"3":1,"4":12,"5":12,"6":12,"7":1,"8":11,"9":2,"10":24,"11":24,"12":24,"13":2,"14":22,"15":5},"f":{"0":130,"1":1,"2":12,"3":2,"4":24},"b":{"0":[1,11],"1":[2,9],"2":[2,22],"3":[4,18]},"_coverageSchema":"1a1c01bbd47fc00a2c39e90264f33305004495a9","hash":"b4ff783932a033e590b24f907b064a2ec79efa80"}
,"C:\\Users\\sachi\\Desktop\\LawyerUp_DB\\utils\\embeddingHelper.js": {"path":"C:\\Users\\sachi\\Desktop\\LawyerUp_DB\\utils\\embeddingHelper.js","statementMap":{"0":{"start":{"line":1,"column":14},"end":{"line":1,"column":92}},"1":{"start":{"line":1,"column":27},"end":{"line":1,"column":92}},"2":{"start":{"line":1,"column":77},"end":{"line":1,"column":91}},"3":{"start":{"line":3,"column":0},"end":{"line":15,"column":2}},"4":{"start":{"line":4,"column":14},"end":{"line":11,"column":4}},"5":{"start":{"line":13,"column":15},"end":{"line":13,"column":31}},"6":{"start":{"line":14,"column":2},"end":{"line":14,"column":32}}},"fnMap":{"0":{"name":"(anonymous_0)","decl":{"start":{"line":1,"column":14},"end":{"line":1,"column":15}},"loc":{"start":{"line":1,"column":27},"end":{"line":1,"column":92}},"line":1},"1":{"name":"(anonymous_1)","decl":{"start":{"line":1,"column":53},"end":{"line":1,"column":54}},"loc":{"start":{"line":1,"column":77},"end":{"line":1,"column":91}},"line":1},"2":{"name":"(anonymous_2)","decl":{"start":{"line":3,"column":23},"end":{"line":3,"column":24}},"loc":{"start":{"line":3,"column":39},"end":{"line":15,"column":1}},"line":3}},"branchMap":{},"s":{"0":5,"1":0,"2":0,"3":5,"4":0,"5":0,"6":0},"f":{"0":0,"1":0,"2":0},"b":{},"_coverageSchema":"1a1c01bbd47fc00a2c39e90264f33305004495a9","hash":"64685bf49ed60fe9a918dba71c3051c71c02107e"}
,"C:\\Users\\sachi\\Desktop\\LawyerUp_DB\\utils\\generateToken.js": {"path":"C:\\Users\\sachi\\Desktop\\LawyerUp_DB\\utils\\generateToken.js","statementMap":{"0":{"start":{"line":1,"column":12},"end":{"line":1,"column":35}},"1":{"start":{"line":3,"column":22},"end":{"line":7,"column":1}},"2":{"start":{"line":4,"column":2},"end":{"line":6,"column":5}},"3":{"start":{"line":9,"column":0},"end":{"line":9,"column":31}}},"fnMap":{"0":{"name":"(anonymous_0)","decl":{"start":{"line":3,"column":22},"end":{"line":3,"column":23}},"loc":{"start":{"line":3,"column":30},"end":{"line":7,"column":1}},"line":3}},"branchMap":{},"s":{"0":5,"1":5,"2":8,"3":5},"f":{"0":8},"b":{},"_coverageSchema":"1a1c01bbd47fc00a2c39e90264f33305004495a9","hash":"8187588a2357fc3f4c16c271293a5da57a046273"}
,"C:\\Users\\sachi\\Desktop\\LawyerUp_DB\\utils\\slotUtils.js": {"path":"C:\\Users\\sachi\\Desktop\\LawyerUp_DB\\utils\\slotUtils.js","statementMap":{"0":{"start":{"line":1,"column":18},"end":{"line":4,"column":3}},"1":{"start":{"line":2,"column":19},"end":{"line":2,"column":43}},"2":{"start":{"line":3,"column":4},"end":{"line":3,"column":22}},"3":{"start":{"line":6,"column":21},"end":{"line":10,"column":3}},"4":{"start":{"line":7,"column":14},"end":{"line":7,"column":63}},"5":{"start":{"line":8,"column":14},"end":{"line":8,"column":51}},"6":{"start":{"line":9,"column":4},"end":{"line":9,"column":23}},"7":{"start":{"line":12,"column":2},"end":{"line":41,"column":4}},"8":{"start":{"line":13,"column":24},"end":{"line":13,"column":37}},"9":{"start":{"line":14,"column":18},"end":{"line":14,"column":20}},"10":{"start":{"line":16,"column":25},"end":{"line":20,"column":6}},"11":{"start":{"line":17,"column":20},"end":{"line":17,"column":37}},"12":{"start":{"line":18,"column":18},"end":{"line":18,"column":41}},"13":{"start":{"line":19,"column":6},"end":{"line":19,"column":26}},"14":{"start":{"line":22,"column":21},"end":{"line":25,"column":7}},"15":{"start":{"line":23,"column":6},"end":{"line":25,"column":7}},"16":{"start":{"line":24,"column":8},"end":{"line":24,"column":53}},"17":{"start":{"line":27,"column":4},"end":{"line":38,"column":7}},"18":{"start":{"line":28,"column":22},"end":{"line":28,"column":38}},"19":{"start":{"line":29,"column":22},"end":{"line":29,"column":36}},"20":{"start":{"line":31,"column":6},"end":{"line":37,"column":7}},"21":{"start":{"line":32,"column":27},"end":{"line":32,"column":50}},"22":{"start":{"line":33,"column":8},"end":{"line":35,"column":9}},"23":{"start":{"line":34,"column":10},"end":{"line":34,"column":44}},"24":{"start":{"line":36,"column":8},"end":{"line":36,"column":24}},"25":{"start":{"line":40,"column":4},"end":{"line":40,"column":17}}},"fnMap":{"0":{"name":"(anonymous_0)","decl":{"start":{"line":1,"column":18},"end":{"line":1,"column":19}},"loc":{"start":{"line":1,"column":25},"end":{"line":4,"column":3}},"line":1},"1":{"name":"(anonymous_1)","decl":{"start":{"line":6,"column":21},"end":{"line":6,"column":22}},"loc":{"start":{"line":6,"column":34},"end":{"line":10,"column":3}},"line":6},"2":{"name":"(anonymous_2)","decl":{"start":{"line":12,"column":35},"end":{"line":12,"column":36}},"loc":{"start":{"line":12,"column":73},"end":{"line":41,"column":3}},"line":12},"3":{"name":"(anonymous_3)","decl":{"start":{"line":16,"column":38},"end":{"line":16,"column":39}},"loc":{"start":{"line":16,"column":43},"end":{"line":20,"column":5}},"line":16},"4":{"name":"(anonymous_4)","decl":{"start":{"line":22,"column":21},"end":{"line":22,"column":22}},"loc":{"start":{"line":23,"column":6},"end":{"line":25,"column":7}},"line":23},"5":{"name":"(anonymous_5)","decl":{"start":{"line":23,"column":24},"end":{"line":23,"column":25}},"loc":{"start":{"line":24,"column":8},"end":{"line":24,"column":53}},"line":24},"6":{"name":"(anonymous_6)","decl":{"start":{"line":27,"column":25},"end":{"line":27,"column":26}},"loc":{"start":{"line":27,"column":45},"end":{"line":38,"column":5}},"line":27}},"branchMap":{"0":{"loc":{"start":{"line":33,"column":8},"end":{"line":35,"column":9}},"type":"if","locations":[{"start":{"line":33,"column":8},"end":{"line":35,"column":9}},{"start":{},"end":{}}],"line":33}},"s":{"0":5,"1":1,"2":1,"3":5,"4":0,"5":0,"6":0,"7":5,"8":1,"9":1,"10":1,"11":1,"12":1,"13":1,"14":1,"15":0,"16":0,"17":1,"18":0,"19":0,"20":0,"21":0,"22":0,"23":0,"24":0,"25":1},"f":{"0":1,"1":0,"2":1,"3":1,"4":0,"5":0,"6":0},"b":{"0":[0,0]},"_coverageSchema":"1a1c01bbd47fc00a2c39e90264f33305004495a9","hash":"c0d875d910a831ff285c5abe7ae9b56b76acc64b"}
}
