TN:
SF:app.js
FN:39,(anonymous_0)
FN:40,(anonymous_1)
FNF:2
FNH:1
FNDA:5,(anonymous_0)
FNDA:0,(anonymous_1)
DA:2,5
DA:3,5
DA:4,5
DA:5,5
DA:6,5
DA:9,5
DA:12,5
DA:13,5
DA:14,5
DA:15,5
DA:16,5
DA:17,5
DA:18,5
DA:19,5
DA:20,5
DA:21,5
DA:22,5
DA:23,5
DA:24,5
DA:27,5
DA:29,5
DA:33,5
DA:34,5
DA:35,5
DA:38,5
DA:39,5
DA:40,0
DA:43,5
DA:44,5
DA:45,5
DA:46,5
DA:47,5
DA:48,5
DA:49,5
DA:50,5
DA:51,5
DA:52,5
DA:53,5
DA:54,5
DA:55,5
DA:57,5
LF:41
LH:40
BRF:0
BRH:0
end_of_record
TN:
SF:server.js
FN:19,(anonymous_0)
FN:24,(anonymous_1)
FN:28,(anonymous_2)
FN:49,(anonymous_3)
FN:53,(anonymous_4)
FN:62,(anonymous_5)
FNF:6
FNH:0
FNDA:0,(anonymous_0)
FNDA:0,(anonymous_1)
FNDA:0,(anonymous_2)
FNDA:0,(anonymous_3)
FNDA:0,(anonymous_4)
FNDA:0,(anonymous_5)
DA:2,1
DA:3,1
DA:4,1
DA:5,1
DA:6,1
DA:7,1
DA:9,1
DA:10,1
DA:19,1
DA:20,0
DA:22,0
DA:24,0
DA:25,0
DA:28,0
DA:29,0
DA:30,0
DA:37,0
DA:39,0
DA:49,0
DA:50,0
DA:53,0
DA:54,0
DA:59,1
DA:61,1
DA:62,0
DA:63,0
DA:68,1
LF:27
LH:12
BRDA:59,0,0,1
BRDA:59,0,1,0
BRDA:61,1,0,0
BRDA:61,1,1,1
BRF:4
BRH:2
end_of_record
TN:
SF:controllers\adminControlController.js
FN:5,(anonymous_0)
FN:15,(anonymous_1)
FN:31,(anonymous_2)
FN:46,(anonymous_3)
FN:64,(anonymous_4)
FN:74,(anonymous_5)
FN:89,(anonymous_6)
FN:104,(anonymous_7)
FNF:8
FNH:0
FNDA:0,(anonymous_0)
FNDA:0,(anonymous_1)
FNDA:0,(anonymous_2)
FNDA:0,(anonymous_3)
FNDA:0,(anonymous_4)
FNDA:0,(anonymous_5)
FNDA:0,(anonymous_6)
FNDA:0,(anonymous_7)
DA:1,5
DA:2,5
DA:5,5
DA:6,0
DA:7,0
DA:8,0
DA:10,0
DA:15,5
DA:16,0
DA:17,0
DA:18,0
DA:23,0
DA:24,0
DA:26,0
DA:31,5
DA:32,0
DA:33,0
DA:38,0
DA:39,0
DA:41,0
DA:46,5
DA:47,0
DA:48,0
DA:49,0
DA:50,0
DA:52,0
DA:53,0
DA:54,0
DA:56,0
DA:57,0
DA:59,0
DA:64,5
DA:65,0
DA:66,0
DA:67,0
DA:69,0
DA:74,5
DA:75,0
DA:76,0
DA:81,0
DA:82,0
DA:84,0
DA:89,5
DA:90,0
DA:91,0
DA:96,0
DA:97,0
DA:99,0
DA:104,5
DA:105,0
DA:106,0
DA:111,0
DA:112,0
DA:114,0
DA:118,5
LF:55
LH:11
BRDA:23,0,0,0
BRDA:23,0,1,0
BRDA:38,1,0,0
BRDA:38,1,1,0
BRDA:50,2,0,0
BRDA:50,2,1,0
BRDA:52,3,0,0
BRDA:52,3,1,0
BRDA:81,4,0,0
BRDA:81,4,1,0
BRDA:96,5,0,0
BRDA:96,5,1,0
BRDA:111,6,0,0
BRDA:111,6,1,0
BRF:14
BRH:0
end_of_record
TN:
SF:controllers\aiController.js
FN:4,(anonymous_0)
FN:15,(anonymous_1)
FN:27,(anonymous_2)
FN:43,(anonymous_3)
FN:53,(anonymous_4)
FN:54,(anonymous_5)
FN:54,(anonymous_6)
FN:85,(anonymous_7)
FN:129,(anonymous_8)
FN:141,(anonymous_9)
FN:172,(anonymous_10)
FN:186,(anonymous_11)
FN:195,(anonymous_12)
FN:220,(anonymous_13)
FN:221,(anonymous_14)
FN:255,(anonymous_15)
FNF:16
FNH:7
FNDA:1,(anonymous_0)
FNDA:1,(anonymous_1)
FNDA:3,(anonymous_2)
FNDA:1,(anonymous_3)
FNDA:0,(anonymous_4)
FNDA:0,(anonymous_5)
FNDA:0,(anonymous_6)
FNDA:0,(anonymous_7)
FNDA:0,(anonymous_8)
FNDA:0,(anonymous_9)
FNDA:1,(anonymous_10)
FNDA:0,(anonymous_11)
FNDA:1,(anonymous_12)
FNDA:0,(anonymous_13)
FNDA:0,(anonymous_14)
FNDA:1,(anonymous_15)
DA:1,5
DA:4,5
DA:5,1
DA:6,1
DA:7,1
DA:9,0
DA:10,0
DA:15,5
DA:16,1
DA:17,1
DA:18,1
DA:19,1
DA:21,0
DA:22,0
DA:27,5
DA:28,3
DA:29,3
DA:35,3
DA:37,0
DA:38,0
DA:43,5
DA:44,1
DA:45,1
DA:46,1
DA:48,0
DA:49,0
DA:53,5
DA:54,0
DA:55,0
DA:57,0
DA:59,0
DA:62,0
DA:63,0
DA:71,0
DA:72,0
DA:76,0
DA:77,0
DA:78,0
DA:81,0
DA:82,0
DA:84,0
DA:85,0
DA:88,0
DA:89,0
DA:90,0
DA:91,0
DA:96,0
DA:97,0
DA:99,0
DA:104,0
DA:110,0
DA:111,0
DA:112,0
DA:113,0
DA:116,0
DA:117,0
DA:118,0
DA:120,0
DA:121,0
DA:122,0
DA:124,0
DA:125,0
DA:126,0
DA:128,0
DA:129,0
DA:131,0
DA:132,0
DA:134,0
DA:135,0
DA:136,0
DA:137,0
DA:138,0
DA:139,0
DA:140,0
DA:141,0
DA:144,0
DA:151,0
DA:153,0
DA:154,0
DA:155,0
DA:158,0
DA:159,0
DA:160,0
DA:163,0
DA:164,0
DA:165,0
DA:166,0
DA:172,5
DA:173,1
DA:174,1
DA:176,1
DA:177,0
DA:180,1
DA:181,1
DA:183,1
DA:185,1
DA:186,0
DA:187,0
DA:188,0
DA:191,1
DA:192,1
DA:195,5
DA:196,1
DA:198,1
DA:199,0
DA:202,1
DA:203,1
DA:204,1
DA:207,1
DA:208,1
DA:209,1
DA:212,1
DA:219,1
DA:220,1
DA:221,0
DA:222,0
DA:223,0
DA:228,1
DA:230,0
DA:234,0
DA:241,1
DA:242,1
DA:244,1
DA:245,1
DA:247,1
DA:249,0
DA:250,0
DA:255,5
DA:256,1
DA:257,1
DA:258,1
DA:263,0
DA:264,0
LF:133
LH:51
BRDA:18,0,0,0
BRDA:18,0,1,1
BRDA:32,1,0,3
BRDA:32,1,1,0
BRDA:33,2,0,3
BRDA:33,2,1,3
BRDA:55,3,0,0
BRDA:57,4,0,0
BRDA:57,4,1,0
BRDA:62,5,0,0
BRDA:62,5,1,0
BRDA:72,6,0,0
BRDA:72,6,1,0
BRDA:76,7,0,0
BRDA:76,7,1,0
BRDA:77,8,0,0
BRDA:77,8,1,0
BRDA:85,9,0,0
BRDA:85,9,1,0
BRDA:88,10,0,0
BRDA:88,10,1,0
BRDA:110,11,0,0
BRDA:110,11,1,0
BRDA:110,12,0,0
BRDA:110,12,1,0
BRDA:126,13,0,0
BRDA:126,13,1,0
BRDA:132,14,0,0
BRDA:132,14,1,0
BRDA:134,15,0,0
BRDA:134,15,1,0
BRDA:138,16,0,0
BRDA:138,16,1,0
BRDA:153,17,0,0
BRDA:153,17,1,0
BRDA:176,18,0,0
BRDA:176,18,1,1
BRDA:176,19,0,1
BRDA:176,19,1,1
BRDA:181,20,0,0
BRDA:181,20,1,1
BRDA:185,21,0,0
BRDA:185,21,1,1
BRDA:187,22,0,0
BRDA:187,22,1,0
BRDA:198,23,0,0
BRDA:198,23,1,1
BRDA:198,24,0,1
BRDA:198,24,1,1
BRDA:207,25,0,1
BRDA:207,25,1,0
BRDA:222,26,0,0
BRDA:222,26,1,0
BRDA:222,27,0,0
BRDA:222,27,1,0
BRDA:228,28,0,0
BRDA:228,28,1,1
BRDA:242,29,0,0
BRDA:242,29,1,1
BRF:59
BRH:15
end_of_record
TN:
SF:controllers\analyticsController.js
FN:9,(anonymous_0)
FN:17,(anonymous_1)
FN:22,(anonymous_2)
FN:30,(anonymous_3)
FN:40,(anonymous_4)
FN:46,(anonymous_5)
FN:81,(anonymous_6)
FN:112,(anonymous_7)
FN:123,(anonymous_8)
FN:187,(anonymous_9)
FN:206,(anonymous_10)
FNF:11
FNH:0
FNDA:0,(anonymous_0)
FNDA:0,(anonymous_1)
FNDA:0,(anonymous_2)
FNDA:0,(anonymous_3)
FNDA:0,(anonymous_4)
FNDA:0,(anonymous_5)
FNDA:0,(anonymous_6)
FNDA:0,(anonymous_7)
FNDA:0,(anonymous_8)
FNDA:0,(anonymous_9)
FNDA:0,(anonymous_10)
DA:1,5
DA:2,5
DA:3,5
DA:4,5
DA:5,5
DA:6,5
DA:9,5
DA:10,0
DA:11,0
DA:17,5
DA:18,0
DA:19,0
DA:22,5
DA:23,0
DA:24,0
DA:25,0
DA:26,0
DA:27,0
DA:30,5
DA:40,5
DA:41,0
DA:46,5
DA:47,0
DA:48,0
DA:55,0
DA:56,0
DA:58,0
DA:59,0
DA:60,0
DA:61,0
DA:64,0
DA:65,0
DA:66,0
DA:68,0
DA:70,0
DA:71,0
DA:73,0
DA:74,0
DA:75,0
DA:78,0
DA:80,0
DA:81,0
DA:83,0
DA:84,0
DA:85,0
DA:86,0
DA:87,0
DA:89,0
DA:93,0
DA:94,0
DA:95,0
DA:97,0
DA:98,0
DA:100,0
DA:101,0
DA:102,0
DA:105,0
DA:106,0
DA:107,0
DA:108,0
DA:111,0
DA:112,0
DA:115,0
DA:117,0
DA:118,0
DA:123,5
DA:124,0
DA:125,0
DA:132,0
DA:144,0
DA:145,0
DA:146,0
DA:147,0
DA:149,0
DA:150,0
DA:151,0
DA:155,0
DA:156,0
DA:157,0
DA:159,0
DA:160,0
DA:161,0
DA:164,0
DA:165,0
DA:167,0
DA:168,0
DA:169,0
DA:170,0
DA:171,0
DA:173,0
DA:177,0
DA:179,0
DA:180,0
DA:187,5
DA:188,0
DA:189,0
DA:191,0
DA:192,0
DA:193,0
DA:196,0
DA:198,0
DA:199,0
DA:201,0
DA:206,5
DA:207,0
DA:208,0
DA:209,0
DA:211,0
DA:213,0
DA:214,0
DA:216,0
DA:218,0
DA:219,0
LF:113
LH:15
BRDA:23,0,0,0
BRDA:23,0,1,0
BRDA:25,1,0,0
BRDA:25,1,1,0
BRDA:26,2,0,0
BRDA:26,2,1,0
BRDA:60,3,0,0
BRDA:60,3,1,0
BRDA:66,4,0,0
BRDA:66,4,1,0
BRDA:73,5,0,0
BRDA:73,5,1,0
BRDA:80,6,0,0
BRDA:80,6,1,0
BRDA:83,7,0,0
BRDA:83,7,1,0
BRDA:85,8,0,0
BRDA:85,8,1,0
BRDA:86,9,0,0
BRDA:86,9,1,0
BRDA:95,10,0,0
BRDA:95,10,1,0
BRDA:98,11,0,0
BRDA:98,11,1,0
BRDA:101,12,0,0
BRDA:101,12,1,0
BRDA:106,13,0,0
BRDA:106,13,1,0
BRDA:106,13,2,0
BRDA:107,14,0,0
BRDA:107,14,1,0
BRDA:147,15,0,0
BRDA:147,15,1,0
BRDA:150,16,0,0
BRDA:150,16,1,0
BRDA:150,17,0,0
BRDA:150,17,1,0
BRDA:159,18,0,0
BRDA:159,18,1,0
BRDA:167,19,0,0
BRDA:167,19,1,0
BRDA:169,20,0,0
BRDA:169,20,1,0
BRDA:170,21,0,0
BRDA:170,21,1,0
BRDA:192,22,0,0
BRDA:192,22,1,0
BRDA:196,23,0,0
BRDA:196,23,1,0
BRDA:211,24,0,0
BRDA:211,24,1,0
BRF:51
BRH:0
end_of_record
TN:
SF:controllers\authController.js
FN:6,(anonymous_0)
FN:50,(anonymous_1)
FN:69,(anonymous_2)
FN:92,(anonymous_3)
FN:115,(anonymous_4)
FN:160,(anonymous_5)
FN:171,(anonymous_6)
FNF:7
FNH:3
FNDA:4,(anonymous_0)
FNDA:5,(anonymous_1)
FNDA:0,(anonymous_2)
FNDA:1,(anonymous_3)
FNDA:0,(anonymous_4)
FNDA:0,(anonymous_5)
FNDA:0,(anonymous_6)
DA:1,5
DA:2,5
DA:3,5
DA:6,5
DA:13,4
DA:15,4
DA:16,4
DA:17,4
DA:19,4
DA:21,4
DA:30,4
DA:39,4
DA:45,0
DA:50,5
DA:51,5
DA:53,5
DA:54,5
DA:55,5
DA:57,5
DA:58,5
DA:59,4
DA:64,0
DA:69,5
DA:70,0
DA:72,0
DA:73,0
DA:74,0
DA:76,0
DA:77,0
DA:79,0
DA:84,0
DA:92,5
DA:93,1
DA:95,1
DA:96,1
DA:97,1
DA:100,1
DA:101,1
DA:102,1
DA:103,1
DA:104,1
DA:106,1
DA:108,1
DA:110,0
DA:115,5
DA:116,0
DA:119,0
DA:121,0
DA:122,0
DA:124,0
DA:125,0
DA:128,0
DA:129,0
DA:130,0
DA:132,0
DA:134,0
DA:142,0
DA:144,0
DA:155,0
DA:160,5
DA:161,0
DA:162,0
DA:163,0
DA:165,0
DA:166,0
DA:171,5
DA:172,0
DA:173,0
DA:175,0
DA:176,0
DA:177,0
DA:180,0
DA:181,0
DA:187,0
DA:189,0
DA:191,0
LF:76
LH:36
BRDA:11,0,0,4
BRDA:17,1,0,0
BRDA:17,1,1,4
BRDA:35,2,0,4
BRDA:35,2,1,0
BRDA:55,3,0,0
BRDA:55,3,1,5
BRDA:58,4,0,1
BRDA:58,4,1,4
BRDA:74,5,0,0
BRDA:74,5,1,0
BRDA:77,6,0,0
BRDA:77,6,1,0
BRDA:97,7,0,0
BRDA:97,7,1,1
BRDA:100,8,0,1
BRDA:100,8,1,0
BRDA:101,9,0,0
BRDA:101,9,1,1
BRDA:102,10,0,1
BRDA:102,10,1,0
BRDA:103,11,0,0
BRDA:103,11,1,1
BRDA:104,12,0,0
BRDA:104,12,1,1
BRDA:124,13,0,0
BRDA:124,13,1,0
BRDA:124,14,0,0
BRDA:124,14,1,0
BRDA:130,15,0,0
BRDA:130,15,1,0
BRDA:176,16,0,0
BRDA:176,16,1,0
BRDA:187,17,0,0
BRDA:187,17,1,0
BRF:35
BRH:12
end_of_record
TN:
SF:controllers\bookingController.js
FN:7,(anonymous_0)
FN:29,(anonymous_1)
FN:59,toMinutes
FN:67,(anonymous_3)
FN:87,(anonymous_4)
FN:101,(anonymous_5)
FN:122,(anonymous_6)
FN:134,(anonymous_7)
FN:145,(anonymous_8)
FN:157,(anonymous_9)
FN:169,(anonymous_10)
FN:202,(anonymous_11)
FN:273,(anonymous_12)
FN:291,(anonymous_13)
FNF:14
FNH:12
FNDA:1,(anonymous_0)
FNDA:0,(anonymous_1)
FNDA:1,toMinutes
FNDA:1,(anonymous_3)
FNDA:1,(anonymous_4)
FNDA:1,(anonymous_5)
FNDA:1,(anonymous_6)
FNDA:1,(anonymous_7)
FNDA:1,(anonymous_8)
FNDA:1,(anonymous_9)
FNDA:1,(anonymous_10)
FNDA:1,(anonymous_11)
FNDA:1,(anonymous_12)
FNDA:0,(anonymous_13)
DA:1,5
DA:2,5
DA:3,5
DA:4,5
DA:7,5
DA:8,1
DA:18,1
DA:20,1
DA:21,0
DA:24,1
DA:25,1
DA:27,1
DA:29,1
DA:30,0
DA:31,0
DA:32,0
DA:35,1
DA:36,0
DA:39,1
DA:52,1
DA:54,0
DA:55,0
DA:60,1
DA:61,1
DA:67,5
DA:68,1
DA:69,1
DA:74,1
DA:76,0
DA:77,0
DA:87,5
DA:88,1
DA:89,1
DA:92,1
DA:94,0
DA:95,0
DA:101,5
DA:102,1
DA:103,1
DA:105,1
DA:106,1
DA:108,1
DA:109,1
DA:111,1
DA:113,1
DA:114,1
DA:116,0
DA:117,0
DA:122,5
DA:123,1
DA:124,1
DA:125,1
DA:126,1
DA:128,0
DA:129,0
DA:134,5
DA:135,1
DA:136,1
DA:137,1
DA:138,1
DA:140,0
DA:141,0
DA:145,5
DA:146,1
DA:147,1
DA:148,1
DA:150,0
DA:151,0
DA:157,5
DA:158,1
DA:160,1
DA:161,1
DA:165,1
DA:166,0
DA:169,1
DA:174,1
DA:176,0
DA:177,0
DA:202,5
DA:203,1
DA:204,1
DA:206,1
DA:207,0
DA:210,1
DA:211,1
DA:213,1
DA:220,1
DA:226,1
DA:230,1
DA:231,1
DA:233,1
DA:235,0
DA:236,0
DA:273,5
DA:274,1
DA:276,1
DA:277,1
DA:281,1
DA:283,0
DA:284,0
DA:291,5
DA:292,0
DA:294,0
DA:295,0
DA:300,0
DA:305,0
DA:306,0
LF:107
LH:74
BRDA:15,0,0,0
BRDA:20,1,0,0
BRDA:20,1,1,1
BRDA:20,2,0,1
BRDA:20,2,1,1
BRDA:20,2,2,1
BRDA:20,2,3,1
BRDA:20,2,4,1
BRDA:20,2,5,1
BRDA:32,3,0,0
BRDA:32,3,1,0
BRDA:35,4,0,0
BRDA:35,4,1,1
BRDA:106,5,0,0
BRDA:106,5,1,1
BRDA:109,6,0,1
BRDA:109,6,1,1
BRDA:165,7,0,0
BRDA:165,7,1,1
BRDA:206,8,0,0
BRDA:206,8,1,1
BRDA:206,9,0,1
BRDA:206,9,1,1
BRF:23
BRH:15
end_of_record
TN:
SF:controllers\deleteAccountController.js
FN:6,(anonymous_0)
FNF:1
FNH:0
FNDA:0,(anonymous_0)
DA:1,5
DA:2,5
DA:3,5
DA:4,5
DA:6,5
DA:7,0
DA:8,0
DA:10,0
DA:12,0
DA:14,0
DA:16,0
DA:18,0
DA:20,0
DA:23,0
DA:27,0
DA:29,0
DA:31,0
DA:32,0
DA:36,5
LF:19
LH:6
BRDA:14,0,0,0
BRDA:14,0,1,0
BRDA:18,1,0,0
BRDA:18,1,1,0
BRF:4
BRH:0
end_of_record
TN:
SF:controllers\faqController.js
FN:4,(anonymous_0)
FN:14,(anonymous_1)
FN:28,(anonymous_2)
FNF:3
FNH:0
FNDA:0,(anonymous_0)
FNDA:0,(anonymous_1)
FNDA:0,(anonymous_2)
DA:1,5
DA:4,5
DA:5,0
DA:6,0
DA:7,0
DA:9,0
DA:14,5
DA:15,0
DA:16,0
DA:18,0
DA:19,0
DA:20,0
DA:21,0
DA:23,0
DA:28,5
DA:29,0
DA:30,0
DA:31,0
DA:32,0
DA:34,0
LF:20
LH:4
BRDA:16,0,0,0
BRDA:16,0,1,0
BRDA:16,1,0,0
BRDA:16,1,1,0
BRDA:31,2,0,0
BRDA:31,2,1,0
BRF:6
BRH:0
end_of_record
TN:
SF:controllers\newsController.js
FN:4,(anonymous_0)
FN:13,(anonymous_1)
FN:25,(anonymous_2)
FN:45,(anonymous_3)
FN:59,(anonymous_4)
FN:65,(anonymous_5)
FN:75,(anonymous_6)
FN:81,(anonymous_7)
FN:89,(anonymous_8)
FN:95,(anonymous_9)
FN:105,(anonymous_10)
FN:111,(anonymous_11)
FN:121,(anonymous_12)
FN:134,(anonymous_13)
FNF:14
FNH:0
FNDA:0,(anonymous_0)
FNDA:0,(anonymous_1)
FNDA:0,(anonymous_2)
FNDA:0,(anonymous_3)
FNDA:0,(anonymous_4)
FNDA:0,(anonymous_5)
FNDA:0,(anonymous_6)
FNDA:0,(anonymous_7)
FNDA:0,(anonymous_8)
FNDA:0,(anonymous_9)
FNDA:0,(anonymous_10)
FNDA:0,(anonymous_11)
FNDA:0,(anonymous_12)
FNDA:0,(anonymous_13)
DA:1,5
DA:2,5
DA:4,5
DA:5,0
DA:6,0
DA:7,0
DA:9,0
DA:13,5
DA:14,0
DA:15,0
DA:16,0
DA:17,0
DA:18,0
DA:19,0
DA:21,0
DA:25,5
DA:26,0
DA:27,0
DA:30,0
DA:31,0
DA:32,0
DA:33,0
DA:35,0
DA:38,0
DA:39,0
DA:41,0
DA:45,5
DA:46,0
DA:47,0
DA:48,0
DA:49,0
DA:51,0
DA:53,0
DA:59,5
DA:60,0
DA:61,0
DA:62,0
DA:63,0
DA:65,0
DA:66,0
DA:68,0
DA:69,0
DA:70,0
DA:72,0
DA:75,5
DA:76,0
DA:77,0
DA:78,0
DA:80,0
DA:81,0
DA:82,0
DA:85,0
DA:86,0
DA:89,5
DA:90,0
DA:91,0
DA:92,0
DA:93,0
DA:95,0
DA:96,0
DA:98,0
DA:99,0
DA:100,0
DA:102,0
DA:105,5
DA:106,0
DA:107,0
DA:108,0
DA:110,0
DA:111,0
DA:112,0
DA:115,0
DA:116,0
DA:121,5
DA:122,0
DA:123,0
DA:125,0
DA:126,0
DA:128,0
DA:129,0
DA:131,0
DA:134,5
DA:135,0
DA:136,0
DA:137,0
DA:139,0
DA:141,0
DA:142,0
DA:144,0
DA:145,0
DA:148,0
DA:149,0
DA:151,0
LF:93
LH:12
BRDA:16,0,0,0
BRDA:16,0,1,0
BRDA:30,1,0,0
BRDA:30,1,1,0
BRDA:32,2,0,0
BRDA:32,2,1,0
BRDA:32,3,0,0
BRDA:32,3,1,0
BRDA:48,4,0,0
BRDA:48,4,1,0
BRDA:48,5,0,0
BRDA:48,5,1,0
BRDA:62,6,0,0
BRDA:62,6,1,0
BRDA:63,7,0,0
BRDA:63,7,1,0
BRDA:66,8,0,0
BRDA:66,8,1,0
BRDA:66,9,0,0
BRDA:66,9,1,0
BRDA:78,10,0,0
BRDA:78,10,1,0
BRDA:80,11,0,0
BRDA:80,11,1,0
BRDA:82,12,0,0
BRDA:82,12,1,0
BRDA:92,13,0,0
BRDA:92,13,1,0
BRDA:93,14,0,0
BRDA:93,14,1,0
BRDA:96,15,0,0
BRDA:96,15,1,0
BRDA:96,16,0,0
BRDA:96,16,1,0
BRDA:108,17,0,0
BRDA:108,17,1,0
BRDA:110,18,0,0
BRDA:110,18,1,0
BRDA:112,19,0,0
BRDA:112,19,1,0
BRDA:123,20,0,0
BRDA:123,20,1,0
BRDA:126,21,0,0
BRDA:126,21,1,0
BRDA:139,22,0,0
BRDA:139,22,1,0
BRDA:142,23,0,0
BRDA:142,23,1,0
BRDA:144,24,0,0
BRDA:144,24,1,0
BRF:50
BRH:0
end_of_record
TN:
SF:controllers\paymentController.js
FN:6,(anonymous_0)
FN:39,(anonymous_1)
FN:70,(anonymous_2)
FN:85,(anonymous_3)
FN:93,(anonymous_4)
FN:105,(anonymous_5)
FN:152,(anonymous_6)
FN:170,(anonymous_7)
FN:183,(anonymous_8)
FNF:9
FNH:0
FNDA:0,(anonymous_0)
FNDA:0,(anonymous_1)
FNDA:0,(anonymous_2)
FNDA:0,(anonymous_3)
FNDA:0,(anonymous_4)
FNDA:0,(anonymous_5)
FNDA:0,(anonymous_6)
FNDA:0,(anonymous_7)
FNDA:0,(anonymous_8)
DA:1,5
DA:2,5
DA:3,5
DA:6,5
DA:7,0
DA:8,0
DA:9,0
DA:10,0
DA:12,0
DA:14,0
DA:20,0
DA:22,0
DA:31,0
DA:33,0
DA:34,0
DA:39,5
DA:40,0
DA:42,0
DA:48,0
DA:49,0
DA:53,0
DA:54,0
DA:55,0
DA:58,0
DA:59,0
DA:61,0
DA:63,0
DA:64,0
DA:70,5
DA:71,0
DA:72,0
DA:77,0
DA:78,0
DA:80,0
DA:85,5
DA:86,0
DA:87,0
DA:88,0
DA:90,0
DA:93,5
DA:94,0
DA:95,0
DA:96,0
DA:97,0
DA:99,0
DA:105,5
DA:106,0
DA:107,0
DA:108,0
DA:113,0
DA:115,0
DA:116,0
DA:118,0
DA:119,0
DA:120,0
DA:121,0
DA:122,0
DA:126,0
DA:127,0
DA:131,0
DA:140,0
DA:145,0
DA:146,0
DA:152,5
DA:153,0
DA:154,0
DA:155,0
DA:157,0
DA:158,0
DA:159,0
DA:160,0
DA:161,0
DA:170,0
DA:175,0
DA:177,0
DA:178,0
DA:183,5
DA:184,0
DA:185,0
DA:186,0
DA:188,0
DA:189,0
LF:82
LH:11
BRDA:12,0,0,0
BRDA:12,0,1,0
BRDA:14,1,0,0
BRDA:14,1,1,0
BRDA:48,2,0,0
BRDA:48,2,1,0
BRDA:54,3,0,0
BRDA:54,3,1,0
BRDA:77,4,0,0
BRDA:77,4,1,0
BRDA:96,5,0,0
BRDA:96,5,1,0
BRDA:119,6,0,0
BRDA:119,6,1,0
BRDA:119,7,0,0
BRDA:119,7,1,0
BRDA:160,8,0,0
BRDA:160,8,1,0
BRDA:172,9,0,0
BRDA:172,9,1,0
BRF:20
BRH:0
end_of_record
TN:
SF:controllers\pdfController.js
FN:7,(anonymous_0)
FN:23,(anonymous_1)
FNF:2
FNH:0
FNDA:0,(anonymous_0)
FNDA:0,(anonymous_1)
DA:1,5
DA:2,5
DA:3,5
DA:4,5
DA:5,5
DA:7,5
DA:8,0
DA:9,0
DA:10,0
DA:12,0
DA:13,0
DA:15,0
DA:16,0
DA:19,0
DA:20,0
DA:23,5
DA:24,0
DA:25,0
DA:26,0
DA:27,0
DA:28,0
DA:30,0
DA:31,0
DA:33,0
DA:34,0
DA:37,0
DA:39,0
DA:40,0
DA:41,0
DA:42,0
DA:43,0
DA:50,0
DA:51,0
DA:55,0
DA:57,0
DA:58,0
LF:36
LH:7
BRDA:7,0,0,0
BRDA:8,1,0,0
BRDA:8,1,1,0
BRDA:13,2,0,0
BRDA:13,2,1,0
BRDA:19,3,0,0
BRDA:19,3,1,0
BRDA:28,4,0,0
BRDA:28,4,1,0
BRDA:33,5,0,0
BRDA:33,5,1,0
BRDA:33,6,0,0
BRDA:33,6,1,0
BRDA:42,7,0,0
BRDA:42,7,1,0
BRDA:42,8,0,0
BRDA:42,8,1,0
BRF:17
BRH:0
end_of_record
TN:
SF:controllers\reportController.js
FN:3,(anonymous_0)
FN:23,(anonymous_1)
FN:37,(anonymous_2)
FNF:3
FNH:0
FNDA:0,(anonymous_0)
FNDA:0,(anonymous_1)
FNDA:0,(anonymous_2)
DA:1,5
DA:3,5
DA:4,0
DA:6,0
DA:8,0
DA:9,0
DA:12,0
DA:13,0
DA:14,0
DA:15,0
DA:17,0
DA:18,0
DA:23,5
DA:24,0
DA:25,0
DA:29,0
DA:31,0
DA:32,0
DA:37,5
DA:38,0
DA:39,0
DA:41,0
DA:42,0
DA:45,0
DA:46,0
DA:52,0
DA:53,0
DA:56,0
DA:58,0
DA:59,0
LF:30
LH:4
BRDA:8,0,0,0
BRDA:8,0,1,0
BRDA:8,1,0,0
BRDA:8,1,1,0
BRDA:41,2,0,0
BRDA:41,2,1,0
BRDA:52,3,0,0
BRDA:52,3,1,0
BRF:8
BRH:0
end_of_record
TN:
SF:controllers\reviewController.js
FN:4,(anonymous_0)
FNF:1
FNH:1
FNDA:1,(anonymous_0)
DA:1,5
DA:2,5
DA:4,5
DA:5,1
DA:6,1
DA:7,1
DA:9,1
DA:10,1
DA:12,1
DA:13,1
DA:15,1
DA:16,1
DA:18,1
DA:20,0
DA:21,0
DA:25,5
LF:16
LH:14
BRDA:10,0,0,0
BRDA:10,0,1,1
BRDA:13,1,0,0
BRDA:13,1,1,1
BRF:4
BRH:2
end_of_record
TN:
SF:middleware\authMiddleware.js
FN:5,(anonymous_0)
FN:28,(anonymous_1)
FN:29,(anonymous_2)
FNF:3
FNH:1
FNDA:13,(anonymous_0)
FNDA:0,(anonymous_1)
FNDA:0,(anonymous_2)
DA:1,5
DA:2,5
DA:5,5
DA:6,13
DA:8,13
DA:9,0
DA:12,13
DA:14,13
DA:15,13
DA:16,13
DA:17,13
DA:19,13
DA:20,13
DA:22,0
DA:23,0
DA:28,5
DA:29,0
DA:30,0
DA:31,0
DA:33,0
DA:38,5
DA:39,5
LF:22
LH:15
BRDA:8,0,0,0
BRDA:8,0,1,13
BRDA:8,1,0,13
BRDA:8,1,1,13
BRDA:17,2,0,0
BRDA:17,2,1,13
BRDA:30,3,0,0
BRDA:30,3,1,0
BRF:8
BRH:4
end_of_record
TN:
SF:middleware\uploadMiddleware.js
FN:6,(anonymous_0)
FN:23,(anonymous_1)
FN:30,(anonymous_2)
FN:38,(anonymous_3)
FNF:4
FNH:0
FNDA:0,(anonymous_0)
FNDA:0,(anonymous_1)
FNDA:0,(anonymous_2)
FNDA:0,(anonymous_3)
DA:1,5
DA:2,5
DA:3,5
DA:6,5
DA:7,0
DA:9,0
DA:10,0
DA:11,0
DA:12,0
DA:13,0
DA:14,0
DA:18,0
DA:22,5
DA:24,0
DA:25,0
DA:26,0
DA:28,0
DA:31,0
DA:32,0
DA:33,0
DA:38,5
DA:39,0
DA:40,0
DA:41,0
DA:43,0
DA:44,0
DA:46,0
DA:50,5
DA:52,5
LF:29
LH:8
BRDA:9,0,0,0
BRDA:9,0,1,0
BRDA:10,1,0,0
BRDA:10,1,1,0
BRDA:11,2,0,0
BRDA:11,2,1,0
BRDA:12,3,0,0
BRDA:12,3,1,0
BRDA:13,4,0,0
BRDA:13,4,1,0
BRDA:14,5,0,0
BRDA:14,5,1,0
BRDA:25,6,0,0
BRDA:25,6,1,0
BRDA:43,7,0,0
BRDA:43,7,1,0
BRDA:43,8,0,0
BRDA:43,8,1,0
BRF:18
BRH:0
end_of_record
TN:
SF:models\Analytics.js
FNF:0
FNH:0
DA:2,5
DA:4,5
DA:33,5
LF:3
LH:3
BRF:0
BRH:0
end_of_record
TN:
SF:models\Booking.js
FNF:0
FNH:0
DA:1,5
DA:3,5
DA:46,5
LF:3
LH:3
BRF:0
BRH:0
end_of_record
TN:
SF:models\Lawyer.js
FNF:0
FNH:0
DA:1,5
DA:3,5
DA:72,5
LF:3
LH:3
BRF:0
BRH:0
end_of_record
TN:
SF:models\News.js
FNF:0
FNH:0
DA:1,5
DA:3,5
DA:9,5
DA:22,5
LF:4
LH:4
BRF:0
BRH:0
end_of_record
TN:
SF:models\PdfVector.js
FNF:0
FNH:0
DA:1,5
DA:3,5
DA:26,5
LF:3
LH:3
BRF:0
BRH:0
end_of_record
TN:
SF:models\Report.js
FNF:0
FNH:0
DA:1,5
DA:3,5
DA:20,5
LF:3
LH:3
BRF:0
BRH:0
end_of_record
TN:
SF:models\User.js
FNF:0
FNH:0
DA:1,5
DA:3,5
DA:59,5
LF:3
LH:3
BRF:0
BRH:0
end_of_record
TN:
SF:models\chat.js
FNF:0
FNH:0
DA:1,5
DA:3,5
DA:9,5
DA:19,5
LF:4
LH:4
BRF:0
BRH:0
end_of_record
TN:
SF:models\faq.js
FNF:0
FNH:0
DA:1,5
DA:3,5
DA:20,5
LF:3
LH:3
BRF:0
BRH:0
end_of_record
TN:
SF:models\payment.js
FNF:0
FNH:0
DA:1,5
DA:3,5
DA:44,5
LF:3
LH:3
BRF:0
BRH:0
end_of_record
TN:
SF:models\pdf.js
FNF:0
FNH:0
DA:1,5
DA:3,5
DA:9,5
LF:3
LH:3
BRF:0
BRH:0
end_of_record
TN:
SF:routes\LawyerRoutes.js
FN:10,(anonymous_0)
FN:39,(anonymous_1)
FN:64,(anonymous_2)
FN:91,(anonymous_3)
FN:105,(anonymous_4)
FN:116,(anonymous_5)
FN:137,(anonymous_6)
FNF:7
FNH:5
FNDA:0,(anonymous_0)
FNDA:1,(anonymous_1)
FNDA:1,(anonymous_2)
FNDA:1,(anonymous_3)
FNDA:1,(anonymous_4)
FNDA:1,(anonymous_5)
FNDA:0,(anonymous_6)
DA:1,5
DA:2,5
DA:3,5
DA:4,5
DA:5,5
DA:6,5
DA:10,5
DA:11,0
DA:12,0
DA:13,0
DA:14,0
DA:17,0
DA:24,0
DA:25,0
DA:28,0
DA:30,0
DA:31,0
DA:36,5
DA:40,1
DA:41,1
DA:43,1
DA:54,1
DA:55,1
DA:57,0
DA:58,0
DA:64,5
DA:65,1
DA:66,1
DA:73,1
DA:74,0
DA:78,1
DA:80,1
DA:82,1
DA:84,0
DA:85,0
DA:91,5
DA:92,1
DA:93,1
DA:94,1
DA:95,0
DA:97,1
DA:99,0
DA:100,0
DA:105,5
DA:106,1
DA:107,1
DA:108,1
DA:110,0
DA:111,0
DA:116,5
DA:117,1
DA:118,1
DA:119,1
DA:125,1
DA:126,0
DA:129,1
DA:131,0
DA:132,0
DA:137,5
DA:138,0
DA:139,0
DA:142,0
DA:143,0
DA:146,0
DA:148,0
DA:149,0
DA:153,5
LF:67
LH:37
BRDA:13,0,0,0
BRDA:13,0,1,0
BRDA:13,1,0,0
BRDA:13,1,1,0
BRDA:19,2,0,0
BRDA:19,2,1,0
BRDA:20,3,0,0
BRDA:20,3,1,0
BRDA:24,4,0,0
BRDA:24,4,1,0
BRDA:49,5,0,1
BRDA:49,5,1,0
BRDA:50,6,0,1
BRDA:50,6,1,0
BRDA:51,7,0,1
BRDA:51,7,1,0
BRDA:68,8,0,1
BRDA:68,8,1,0
BRDA:69,9,0,1
BRDA:69,9,1,0
BRDA:70,10,0,1
BRDA:70,10,1,0
BRDA:73,11,0,0
BRDA:73,11,1,1
BRDA:80,12,0,0
BRDA:80,12,1,1
BRDA:94,13,0,0
BRDA:94,13,1,1
BRDA:125,14,0,0
BRDA:125,14,1,1
BRDA:142,15,0,0
BRDA:142,15,1,0
BRF:32
BRH:10
end_of_record
TN:
SF:routes\adminControlRoutes.js
FNF:0
FNH:0
DA:1,5
DA:2,5
DA:12,5
DA:15,5
DA:16,5
DA:17,5
DA:18,5
DA:20,5
DA:21,5
DA:22,5
DA:23,5
DA:25,5
LF:12
LH:12
BRF:0
BRH:0
end_of_record
TN:
SF:routes\aiRoutes.js
FNF:0
FNH:0
DA:1,5
DA:2,5
DA:4,5
DA:5,5
DA:6,5
DA:7,5
DA:10,5
DA:11,5
DA:12,5
DA:13,5
DA:14,5
DA:16,5
DA:17,5
DA:18,5
DA:23,5
DA:31,5
LF:16
LH:16
BRF:0
BRH:0
end_of_record
TN:
SF:routes\analytics.js
FNF:0
FNH:0
DA:1,5
DA:2,5
DA:3,5
DA:5,5
DA:6,5
DA:8,5
LF:6
LH:6
BRF:0
BRH:0
end_of_record
TN:
SF:routes\authRoutes.js
FN:15,(anonymous_0)
FN:28,(anonymous_1)
FN:37,(anonymous_2)
FNF:3
FNH:1
FNDA:1,(anonymous_0)
FNDA:0,(anonymous_1)
FNDA:0,(anonymous_2)
DA:1,5
DA:2,5
DA:3,5
DA:4,5
DA:5,5
DA:6,5
DA:7,5
DA:8,5
DA:9,5
DA:11,5
DA:12,5
DA:15,5
DA:16,1
DA:17,1
DA:18,1
DA:19,1
DA:21,0
DA:28,5
DA:29,0
DA:30,0
DA:31,0
DA:33,0
DA:37,5
DA:38,0
DA:39,0
DA:42,5
DA:43,5
DA:44,5
DA:45,5
DA:46,5
DA:48,5
LF:31
LH:24
BRDA:18,0,0,0
BRDA:18,0,1,1
BRF:2
BRH:1
end_of_record
TN:
SF:routes\bookingRoutes.js
FNF:0
FNH:0
DA:1,5
DA:2,5
DA:3,5
DA:4,5
DA:5,5
DA:8,5
DA:11,5
DA:14,5
DA:17,5
DA:20,5
DA:23,5
DA:25,5
DA:28,5
DA:29,5
DA:30,5
DA:31,5
DA:34,5
LF:17
LH:17
BRF:0
BRH:0
end_of_record
TN:
SF:routes\deleteRoutes.js
FNF:0
FNH:0
DA:1,5
DA:2,5
DA:3,5
DA:4,5
DA:7,5
DA:9,5
LF:6
LH:6
BRF:0
BRH:0
end_of_record
TN:
SF:routes\faqRoutes.js
FNF:0
FNH:0
DA:1,5
DA:2,5
DA:3,5
DA:6,5
DA:9,5
DA:12,5
DA:14,5
LF:7
LH:7
BRF:0
BRH:0
end_of_record
TN:
SF:routes\newsRoutes.js
FNF:0
FNH:0
DA:1,5
DA:2,5
DA:3,5
DA:4,5
DA:5,5
DA:8,5
DA:9,5
DA:10,5
DA:11,5
DA:14,5
DA:15,5
DA:16,5
DA:17,5
DA:20,5
DA:21,5
DA:24,5
LF:16
LH:16
BRF:0
BRH:0
end_of_record
TN:
SF:routes\paymentRoutes.js
FNF:0
FNH:0
DA:1,5
DA:2,5
DA:4,5
DA:5,5
DA:6,5
DA:8,5
DA:11,5
DA:19,5
DA:20,5
DA:21,5
DA:22,5
DA:23,5
DA:24,5
DA:26,5
LF:14
LH:14
BRF:0
BRH:0
end_of_record
TN:
SF:routes\pdfRoutes.js
FN:10,(anonymous_0)
FN:15,(anonymous_1)
FN:22,(anonymous_2)
FN:30,(anonymous_3)
FN:46,(anonymous_4)
FN:56,(anonymous_5)
FNF:6
FNH:0
FNDA:0,(anonymous_0)
FNDA:0,(anonymous_1)
FNDA:0,(anonymous_2)
FNDA:0,(anonymous_3)
FNDA:0,(anonymous_4)
FNDA:0,(anonymous_5)
DA:1,5
DA:2,5
DA:3,5
DA:4,5
DA:5,5
DA:6,5
DA:9,5
DA:11,0
DA:12,0
DA:13,0
DA:16,0
DA:17,0
DA:18,0
DA:22,5
DA:23,0
DA:24,0
DA:27,5
DA:30,5
DA:31,0
DA:32,0
DA:33,0
DA:35,0
DA:36,0
DA:38,0
DA:40,0
DA:41,0
DA:46,5
DA:47,0
DA:48,0
DA:49,0
DA:51,0
DA:56,5
DA:57,0
DA:58,0
DA:59,0
DA:61,0
DA:62,0
DA:64,0
DA:65,0
DA:68,0
DA:69,0
DA:71,0
DA:72,0
DA:76,5
LF:44
LH:13
BRDA:12,0,0,0
BRDA:12,0,1,0
BRDA:23,1,0,0
BRDA:23,1,1,0
BRDA:59,2,0,0
BRDA:59,2,1,0
BRDA:64,3,0,0
BRDA:64,3,1,0
BRF:8
BRH:0
end_of_record
TN:
SF:routes\reportRoutes.js
FNF:0
FNH:0
DA:1,5
DA:2,5
DA:7,5
DA:9,5
DA:10,5
DA:11,5
DA:13,5
LF:7
LH:7
BRF:0
BRH:0
end_of_record
TN:
SF:routes\reviewRoutes.js
FNF:0
FNH:0
DA:1,5
DA:2,5
DA:3,5
DA:5,5
DA:7,5
LF:5
LH:5
BRF:0
BRH:0
end_of_record
TN:
SF:utils\analyticsSocket.js
FN:3,(anonymous_0)
FN:6,(anonymous_1)
FN:9,(anonymous_2)
FN:12,(anonymous_3)
FN:12,(anonymous_4)
FN:25,(anonymous_5)
FNF:6
FNH:0
FNDA:0,(anonymous_0)
FNDA:0,(anonymous_1)
FNDA:0,(anonymous_2)
FNDA:0,(anonymous_3)
FNDA:0,(anonymous_4)
FNDA:0,(anonymous_5)
DA:1,1
DA:3,1
DA:4,0
DA:6,0
DA:7,0
DA:8,0
DA:10,0
DA:12,0
DA:15,0
DA:16,0
DA:18,0
DA:22,0
DA:23,0
DA:25,0
DA:26,0
DA:27,0
LF:16
LH:2
BRF:0
BRH:0
end_of_record
TN:
SF:utils\customEncrypter.js
FN:13,(anonymous_0)
FN:21,encrypt
FN:22,(anonymous_2)
FN:35,decrypt
FN:36,(anonymous_4)
FNF:5
FNH:5
FNDA:130,(anonymous_0)
FNDA:1,encrypt
FNDA:12,(anonymous_2)
FNDA:2,decrypt
FNDA:24,(anonymous_4)
DA:5,5
DA:12,5
DA:13,130
DA:22,1
DA:23,12
DA:24,12
DA:25,12
DA:26,11
DA:36,2
DA:37,24
DA:38,24
DA:39,24
DA:40,22
DA:44,5
LF:14
LH:14
BRDA:25,0,0,1
BRDA:25,0,1,11
BRDA:26,1,0,2
BRDA:26,1,1,9
BRDA:39,2,0,2
BRDA:39,2,1,22
BRDA:40,3,0,4
BRDA:40,3,1,18
BRF:8
BRH:8
end_of_record
TN:
SF:utils\embeddingHelper.js
FN:1,(anonymous_0)
FN:1,(anonymous_1)
FN:3,(anonymous_2)
FNF:3
FNH:0
FNDA:0,(anonymous_0)
FNDA:0,(anonymous_1)
FNDA:0,(anonymous_2)
DA:1,5
DA:3,5
DA:4,0
DA:13,0
DA:14,0
LF:5
LH:2
BRF:0
BRH:0
end_of_record
TN:
SF:utils\generateToken.js
FN:3,(anonymous_0)
FNF:1
FNH:1
FNDA:8,(anonymous_0)
DA:1,5
DA:3,5
DA:4,8
DA:9,5
LF:4
LH:4
BRF:0
BRH:0
end_of_record
TN:
SF:utils\slotUtils.js
FN:1,(anonymous_0)
FN:6,(anonymous_1)
FN:12,(anonymous_2)
FN:16,(anonymous_3)
FN:22,(anonymous_4)
FN:23,(anonymous_5)
FN:27,(anonymous_6)
FNF:7
FNH:3
FNDA:1,(anonymous_0)
FNDA:0,(anonymous_1)
FNDA:1,(anonymous_2)
FNDA:1,(anonymous_3)
FNDA:0,(anonymous_4)
FNDA:0,(anonymous_5)
FNDA:0,(anonymous_6)
DA:1,5
DA:2,1
DA:3,1
DA:6,5
DA:7,0
DA:8,0
DA:9,0
DA:12,5
DA:13,1
DA:14,1
DA:16,1
DA:17,1
DA:18,1
DA:19,1
DA:22,1
DA:23,0
DA:24,0
DA:27,1
DA:28,0
DA:29,0
DA:31,0
DA:32,0
DA:33,0
DA:34,0
DA:36,0
DA:40,1
LF:26
LH:14
BRDA:33,0,0,0
BRDA:33,0,1,0
BRF:2
BRH:0
end_of_record
